TpTrace Verbose: 0 : 20048, 1, 2024/06/06, 17:14:14.494, 21591652970041, vstest.console.dll, Version: 17.9.0-release-24072-02 Current process architecture: ARM64
TpTrace Verbose: 0 : 20048, 1, 2024/06/06, 17:14:14.496, 21591654887708, vstest.console.dll, Runtime location: /usr/local/share/dotnet/shared/Microsoft.NETCore.App/8.0.4
TpTrace Information: 0 : 20048, 1, 2024/06/06, 17:14:14.497, 21591655758083, vstest.console.dll, Using .Net Framework version:.NETCoreApp,Version=v8.0
TpTrace Verbose: 0 : 20048, 1, 2024/06/06, 17:14:14.497, 21591655789875, vstest.console.dll, ArtifactProcessingPostProcessModeProcessorExecutor.Initialize: ArtifactProcessingMode.Collect
TpTrace Verbose: 0 : 20048, 1, 2024/06/06, 17:14:14.497, 21591655816291, vstest.console.dll, TestSessionCorrelationIdProcessorModeProcessorExecutor.Initialize: TestSessionCorrelationId '20047_2bf72f4b-2dcc-49d1-ac2d-7f719f856473'
TpTrace Information: 0 : 20048, 1, 2024/06/06, 17:14:14.497, 21591656648041, vstest.console.dll, FilePatternParser: The given file /Users/anatoliiyakubyshyn/Documents/Solvd/net/specflow/ExcelTesting/bin/Debug/net8.0/WordPadTesting.dll is a full path.
TpTrace Verbose: 0 : 20048, 1, 2024/06/06, 17:14:14.499, 21591658488500, vstest.console.dll, TestPluginCache.DiscoverTestExtensions: finding test extensions in assemblies ends with: RuntimeProvider.dll TPluginInfo: Microsoft.VisualStudio.TestPlatform.Common.ExtensionFramework.Utilities.TestRuntimePluginInformation TExtension: Microsoft.VisualStudio.TestPlatform.ObjectModel.Host.ITestRuntimeProvider
TpTrace Verbose: 0 : 20048, 1, 2024/06/06, 17:14:14.499, 21591658621458, vstest.console.dll, TestPluginCache.GetExtensionPaths: Filtered extension paths: 
TpTrace Verbose: 0 : 20048, 1, 2024/06/06, 17:14:14.499, 21591658649166, vstest.console.dll, TestPluginCache.GetExtensionPaths: Added default extension paths: /usr/local/share/dotnet/sdk/8.0.204/Extensions/Microsoft.VisualStudio.TestPlatform.Extensions.Trx.TestLogger.dll
/usr/local/share/dotnet/sdk/8.0.204/Extensions/Microsoft.Diagnostics.NETCore.Client.dll
/usr/local/share/dotnet/sdk/8.0.204/Extensions/Microsoft.TestPlatform.Extensions.BlameDataCollector.dll
/usr/local/share/dotnet/sdk/8.0.204/Extensions/Microsoft.TestPlatform.TestHostRuntimeProvider.dll
/usr/local/share/dotnet/sdk/8.0.204/Extensions/Microsoft.TestPlatform.Extensions.EventLogCollector.dll
/usr/local/share/dotnet/sdk/8.0.204/Extensions/Microsoft.VisualStudio.TestPlatform.Extensions.Html.TestLogger.dll
TpTrace Verbose: 0 : 20048, 1, 2024/06/06, 17:14:14.500, 21591658664708, vstest.console.dll, TestPluginCache.GetExtensionPaths: Added unfilterableExtensionPaths: 
TpTrace Information: 0 : 20048, 1, 2024/06/06, 17:14:14.500, 21591658883291, vstest.console.dll, AssemblyResolver.ctor: Creating AssemblyResolver with searchDirectories /usr/local/share/dotnet/sdk/8.0.204/Extensions,/usr/local/share/dotnet/sdk/8.0.204
TpTrace Verbose: 0 : 20048, 1, 2024/06/06, 17:14:14.500, 21591659341166, vstest.console.dll, TestPluginCache.DiscoverTestExtensions: Discovering the extensions using extension path.
TpTrace Verbose: 0 : 20048, 1, 2024/06/06, 17:14:14.500, 21591659379708, vstest.console.dll, TestPluginCache.GetExtensionPaths: Filtered extension paths: 
TpTrace Verbose: 0 : 20048, 1, 2024/06/06, 17:14:14.500, 21591659389791, vstest.console.dll, TestPluginCache.GetExtensionPaths: Added default extension paths: /usr/local/share/dotnet/sdk/8.0.204/Extensions/Microsoft.VisualStudio.TestPlatform.Extensions.Trx.TestLogger.dll
/usr/local/share/dotnet/sdk/8.0.204/Extensions/Microsoft.Diagnostics.NETCore.Client.dll
/usr/local/share/dotnet/sdk/8.0.204/Extensions/Microsoft.TestPlatform.Extensions.BlameDataCollector.dll
/usr/local/share/dotnet/sdk/8.0.204/Extensions/Microsoft.TestPlatform.TestHostRuntimeProvider.dll
/usr/local/share/dotnet/sdk/8.0.204/Extensions/Microsoft.TestPlatform.Extensions.EventLogCollector.dll
/usr/local/share/dotnet/sdk/8.0.204/Extensions/Microsoft.VisualStudio.TestPlatform.Extensions.Html.TestLogger.dll
TpTrace Verbose: 0 : 20048, 1, 2024/06/06, 17:14:14.500, 21591659399875, vstest.console.dll, TestPluginCache.GetExtensionPaths: Added unfilterableExtensionPaths: 
TpTrace Verbose: 0 : 20048, 1, 2024/06/06, 17:14:14.500, 21591659432208, vstest.console.dll, TestPluginCache.DiscoverTestExtensions: Discovering the extensions using allExtensionPaths: /usr/local/share/dotnet/sdk/8.0.204/Extensions/Microsoft.VisualStudio.TestPlatform.Extensions.Trx.TestLogger.dll
/usr/local/share/dotnet/sdk/8.0.204/Extensions/Microsoft.Diagnostics.NETCore.Client.dll
/usr/local/share/dotnet/sdk/8.0.204/Extensions/Microsoft.TestPlatform.Extensions.BlameDataCollector.dll
/usr/local/share/dotnet/sdk/8.0.204/Extensions/Microsoft.TestPlatform.TestHostRuntimeProvider.dll
/usr/local/share/dotnet/sdk/8.0.204/Extensions/Microsoft.TestPlatform.Extensions.EventLogCollector.dll
/usr/local/share/dotnet/sdk/8.0.204/Extensions/Microsoft.VisualStudio.TestPlatform.Extensions.Html.TestLogger.dll
TpTrace Information: 0 : 20048, 1, 2024/06/06, 17:14:14.500, 21591659486291, vstest.console.dll, AssemblyResolver.AddSearchDirectories: Adding more searchDirectories /usr/local/share/dotnet/sdk/8.0.204/Extensions,/usr/local/share/dotnet/sdk/8.0.204
TpTrace Information: 0 : 20048, 1, 2024/06/06, 17:14:14.500, 21591659501666, vstest.console.dll, AssemblyResolver.AddSearchDirectories: Adding more searchDirectories /usr/local/share/dotnet/sdk/8.0.204/Extensions,/usr/local/share/dotnet/sdk/8.0.204
TpTrace Information: 0 : 20048, 1, 2024/06/06, 17:14:14.500, 21591659510000, vstest.console.dll, AssemblyResolver.AddSearchDirectories: Adding more searchDirectories /usr/local/share/dotnet/sdk/8.0.204/Extensions,/usr/local/share/dotnet/sdk/8.0.204
TpTrace Information: 0 : 20048, 1, 2024/06/06, 17:14:14.500, 21591659517250, vstest.console.dll, AssemblyResolver.AddSearchDirectories: Adding more searchDirectories /usr/local/share/dotnet/sdk/8.0.204/Extensions,/usr/local/share/dotnet/sdk/8.0.204
TpTrace Information: 0 : 20048, 1, 2024/06/06, 17:14:14.500, 21591659526208, vstest.console.dll, AssemblyResolver.AddSearchDirectories: Adding more searchDirectories /usr/local/share/dotnet/sdk/8.0.204/Extensions,/usr/local/share/dotnet/sdk/8.0.204
TpTrace Information: 0 : 20048, 1, 2024/06/06, 17:14:14.500, 21591659533125, vstest.console.dll, AssemblyResolver.AddSearchDirectories: Adding more searchDirectories /usr/local/share/dotnet/sdk/8.0.204/Extensions,/usr/local/share/dotnet/sdk/8.0.204
TpTrace Information: 0 : 20048, 1, 2024/06/06, 17:14:14.501, 21591659712916, vstest.console.dll, AssemblyResolver.OnResolve: Microsoft.VisualStudio.TestPlatform.Extensions.Trx.TestLogger: Resolving assembly.
TpTrace Information: 0 : 20048, 1, 2024/06/06, 17:14:14.501, 21591659735708, vstest.console.dll, AssemblyResolver.OnResolve: Microsoft.VisualStudio.TestPlatform.Extensions.Trx.TestLogger: Searching in: '/usr/local/share/dotnet/sdk/8.0.204/Extensions'.
TpTrace Information: 0 : 20048, 1, 2024/06/06, 17:14:14.503, 21591662503833, vstest.console.dll, AssemblyResolver.OnResolve: Microsoft.VisualStudio.TestPlatform.Extensions.Trx.TestLogger: Loading assembly '/usr/local/share/dotnet/sdk/8.0.204/Extensions/Microsoft.VisualStudio.TestPlatform.Extensions.Trx.TestLogger.dll'.
TpTrace Information: 0 : 20048, 1, 2024/06/06, 17:14:14.504, 21591662697833, vstest.console.dll, AssemblyResolver.OnResolve: Resolved assembly: Microsoft.VisualStudio.TestPlatform.Extensions.Trx.TestLogger, from path: /usr/local/share/dotnet/sdk/8.0.204/Extensions/Microsoft.VisualStudio.TestPlatform.Extensions.Trx.TestLogger.dll
TpTrace Verbose: 0 : 20048, 1, 2024/06/06, 17:14:14.504, 21591663086500, vstest.console.dll, MetadataReaderExtensionsHelper: Discovering extensions inside assembly 'Microsoft.VisualStudio.TestPlatform.Extensions.Trx.TestLogger, Version=15.0.0.0, Culture=neutral, PublicKeyToken=b03f5f7f11d50a3a' file path '/usr/local/share/dotnet/sdk/8.0.204/Extensions/Microsoft.VisualStudio.TestPlatform.Extensions.Trx.TestLogger.dll'
TpTrace Information: 0 : 20048, 1, 2024/06/06, 17:14:14.505, 21591663694666, vstest.console.dll, AssemblyResolver.OnResolve: Microsoft.Diagnostics.NETCore.Client: Resolving assembly.
TpTrace Information: 0 : 20048, 1, 2024/06/06, 17:14:14.505, 21591663714708, vstest.console.dll, AssemblyResolver.OnResolve: Microsoft.Diagnostics.NETCore.Client: Searching in: '/usr/local/share/dotnet/sdk/8.0.204/Extensions'.
TpTrace Information: 0 : 20048, 1, 2024/06/06, 17:14:14.505, 21591663780750, vstest.console.dll, AssemblyResolver.OnResolve: Microsoft.Diagnostics.NETCore.Client: Loading assembly '/usr/local/share/dotnet/sdk/8.0.204/Extensions/Microsoft.Diagnostics.NETCore.Client.dll'.
TpTrace Information: 0 : 20048, 1, 2024/06/06, 17:14:14.505, 21591663985583, vstest.console.dll, AssemblyResolver.OnResolve: Resolved assembly: Microsoft.Diagnostics.NETCore.Client, from path: /usr/local/share/dotnet/sdk/8.0.204/Extensions/Microsoft.Diagnostics.NETCore.Client.dll
TpTrace Verbose: 0 : 20048, 1, 2024/06/06, 17:14:14.505, 21591664004708, vstest.console.dll, MetadataReaderExtensionsHelper: Discovering extensions inside assembly 'Microsoft.Diagnostics.NETCore.Client, Version=0.2.9.2401, Culture=neutral, PublicKeyToken=31bf3856ad364e35' file path '/usr/local/share/dotnet/sdk/8.0.204/Extensions/Microsoft.Diagnostics.NETCore.Client.dll'
TpTrace Information: 0 : 20048, 1, 2024/06/06, 17:14:14.506, 21591665185125, vstest.console.dll, AssemblyResolver.OnResolve: Microsoft.Bcl.AsyncInterfaces: Resolving assembly.
TpTrace Information: 0 : 20048, 1, 2024/06/06, 17:14:14.506, 21591665197291, vstest.console.dll, AssemblyResolver.OnResolve: Microsoft.Bcl.AsyncInterfaces: Searching in: '/usr/local/share/dotnet/sdk/8.0.204/Extensions'.
TpTrace Information: 0 : 20048, 1, 2024/06/06, 17:14:14.506, 21591665207000, vstest.console.dll, AssemblyResolver.OnResolve: Microsoft.Bcl.AsyncInterfaces: Assembly path does not exist: '/usr/local/share/dotnet/sdk/8.0.204/Extensions/Microsoft.Bcl.AsyncInterfaces.dll', returning.
TpTrace Information: 0 : 20048, 1, 2024/06/06, 17:14:14.506, 21591665215083, vstest.console.dll, AssemblyResolver.OnResolve: Microsoft.Bcl.AsyncInterfaces: Assembly path does not exist: '/usr/local/share/dotnet/sdk/8.0.204/Extensions/Microsoft.Bcl.AsyncInterfaces.exe', returning.
TpTrace Information: 0 : 20048, 1, 2024/06/06, 17:14:14.506, 21591665221916, vstest.console.dll, AssemblyResolver.OnResolve: Microsoft.Bcl.AsyncInterfaces: Searching in: '/usr/local/share/dotnet/sdk/8.0.204'.
TpTrace Information: 0 : 20048, 1, 2024/06/06, 17:14:14.506, 21591665228791, vstest.console.dll, AssemblyResolver.OnResolve: Microsoft.Bcl.AsyncInterfaces: Assembly path does not exist: '/usr/local/share/dotnet/sdk/8.0.204/Microsoft.Bcl.AsyncInterfaces.dll', returning.
TpTrace Information: 0 : 20048, 1, 2024/06/06, 17:14:14.506, 21591665235791, vstest.console.dll, AssemblyResolver.OnResolve: Microsoft.Bcl.AsyncInterfaces: Assembly path does not exist: '/usr/local/share/dotnet/sdk/8.0.204/Microsoft.Bcl.AsyncInterfaces.exe', returning.
TpTrace Information: 0 : 20048, 1, 2024/06/06, 17:14:14.506, 21591665241333, vstest.console.dll, AssemblyResolver.OnResolve: Microsoft.Bcl.AsyncInterfaces: Failed to load assembly.
TpTrace Verbose: 0 : 20048, 1, 2024/06/06, 17:14:14.506, 21591665251750, vstest.console.dll, CurrentDomainAssemblyResolve: Resolving assembly 'Microsoft.Bcl.AsyncInterfaces'.
TpTrace Information: 0 : 20048, 1, 2024/06/06, 17:14:14.506, 21591665265333, vstest.console.dll, AssemblyResolver.OnResolve: Microsoft.Bcl.AsyncInterfaces: Resolving assembly.
TpTrace Information: 0 : 20048, 1, 2024/06/06, 17:14:14.506, 21591665274208, vstest.console.dll, AssemblyResolver.OnResolve: Microsoft.Bcl.AsyncInterfaces: Resolved from cache.
TpTrace Verbose: 0 : 20048, 1, 2024/06/06, 17:14:14.506, 21591665280625, vstest.console.dll, CurrentDomainAssemblyResolve: Resolving assembly 'Microsoft.Bcl.AsyncInterfaces'.
TpTrace Verbose: 0 : 20048, 1, 2024/06/06, 17:14:14.506, 21591665288875, vstest.console.dll, CurrentDomainAssemblyResolve: Failed to resolve assembly 'Microsoft.Bcl.AsyncInterfaces'.
TpTrace Verbose: 0 : 20048, 1, 2024/06/06, 17:14:14.506, 21591665395583, vstest.console.dll, CurrentDomainAssemblyResolve: Failed to resolve assembly 'Microsoft.Bcl.AsyncInterfaces'.
TpTrace Warning: 0 : 20048, 1, 2024/06/06, 17:14:14.510, 21591669366625, vstest.console.dll, TestPluginDiscoverer: Failed to get types from assembly 'Microsoft.Diagnostics.NETCore.Client, Version=0.2.9.2401, Culture=neutral, PublicKeyToken=31bf3856ad364e35'. Error: System.Reflection.ReflectionTypeLoadException: Unable to load one or more of the requested types.
Could not load file or assembly 'Microsoft.Bcl.AsyncInterfaces, Version=6.0.0.0, Culture=neutral, PublicKeyToken=cc7b13ffcd2ddd51'. The system cannot find the file specified.

   at System.Reflection.RuntimeModule.GetTypes(RuntimeModule module)
   at System.Reflection.RuntimeModule.GetTypes()
   at Microsoft.VisualStudio.TestPlatform.Common.ExtensionFramework.TestPluginDiscoverer.GetTestExtensionsFromAssembly[TPluginInfo,TExtension](Assembly assembly, Dictionary`2 pluginInfos, String filePath) in /_/src/Microsoft.TestPlatform.Common/ExtensionFramework/TestPluginDiscoverer.cs:line 158
System.IO.FileNotFoundException: Could not load file or assembly 'Microsoft.Bcl.AsyncInterfaces, Version=6.0.0.0, Culture=neutral, PublicKeyToken=cc7b13ffcd2ddd51'. The system cannot find the file specified.

File name: 'Microsoft.Bcl.AsyncInterfaces, Version=6.0.0.0, Culture=neutral, PublicKeyToken=cc7b13ffcd2ddd51'
 ---> System.IO.FileNotFoundException: Could not load file or assembly 'Microsoft.Bcl.AsyncInterfaces, Culture=neutral, PublicKeyToken=null'. The system cannot find the file specified.

File name: 'Microsoft.Bcl.AsyncInterfaces, Culture=neutral, PublicKeyToken=null'
   at System.Reflection.RuntimeAssembly.InternalLoad(AssemblyName assemblyName, StackCrawlMark& stackMark, AssemblyLoadContext assemblyLoadContext, RuntimeAssembly requestingAssembly, Boolean throwOnFileNotFound)
   at System.Reflection.Assembly.Load(AssemblyName assemblyRef)
   at Microsoft.VisualStudio.TestPlatform.Common.ExtensionFramework.TestPluginCache.CurrentDomainAssemblyResolve(Object sender, AssemblyResolveEventArgs args) in /_/src/Microsoft.TestPlatform.Common/ExtensionFramework/TestPluginCache.cs:line 513
   at System.Runtime.Loader.AssemblyLoadContext.GetFirstResolvedAssemblyFromResolvingEvent(AssemblyName assemblyName)
   at System.Runtime.Loader.AssemblyLoadContext.ResolveUsingEvent(AssemblyName assemblyName)
   at System.Runtime.Loader.AssemblyLoadContext.ResolveUsingResolvingEvent(IntPtr gchManagedAssemblyLoadContext, AssemblyName assemblyName)
TpTrace Warning: 0 : 20048, 1, 2024/06/06, 17:14:14.510, 21591669481250, vstest.console.dll, LoaderExceptions: System.IO.FileNotFoundException: Could not load file or assembly 'Microsoft.Bcl.AsyncInterfaces, Version=6.0.0.0, Culture=neutral, PublicKeyToken=cc7b13ffcd2ddd51'. The system cannot find the file specified.

File name: 'Microsoft.Bcl.AsyncInterfaces, Version=6.0.0.0, Culture=neutral, PublicKeyToken=cc7b13ffcd2ddd51'
 ---> System.IO.FileNotFoundException: Could not load file or assembly 'Microsoft.Bcl.AsyncInterfaces, Culture=neutral, PublicKeyToken=null'. The system cannot find the file specified.

File name: 'Microsoft.Bcl.AsyncInterfaces, Culture=neutral, PublicKeyToken=null'
   at System.Reflection.RuntimeAssembly.InternalLoad(AssemblyName assemblyName, StackCrawlMark& stackMark, AssemblyLoadContext assemblyLoadContext, RuntimeAssembly requestingAssembly, Boolean throwOnFileNotFound)
   at System.Reflection.Assembly.Load(AssemblyName assemblyRef)
   at Microsoft.VisualStudio.TestPlatform.Common.ExtensionFramework.TestPluginCache.CurrentDomainAssemblyResolve(Object sender, AssemblyResolveEventArgs args) in /_/src/Microsoft.TestPlatform.Common/ExtensionFramework/TestPluginCache.cs:line 513
   at System.Runtime.Loader.AssemblyLoadContext.GetFirstResolvedAssemblyFromResolvingEvent(AssemblyName assemblyName)
   at System.Runtime.Loader.AssemblyLoadContext.ResolveUsingEvent(AssemblyName assemblyName)
   at System.Runtime.Loader.AssemblyLoadContext.ResolveUsingResolvingEvent(IntPtr gchManagedAssemblyLoadContext, AssemblyName assemblyName)
TpTrace Information: 0 : 20048, 1, 2024/06/06, 17:14:14.510, 21591669509875, vstest.console.dll, AssemblyResolver.OnResolve: Microsoft.TestPlatform.Extensions.BlameDataCollector: Resolving assembly.
TpTrace Information: 0 : 20048, 1, 2024/06/06, 17:14:14.510, 21591669531833, vstest.console.dll, AssemblyResolver.OnResolve: Microsoft.TestPlatform.Extensions.BlameDataCollector: Searching in: '/usr/local/share/dotnet/sdk/8.0.204/Extensions'.
TpTrace Information: 0 : 20048, 1, 2024/06/06, 17:14:14.510, 21591669601958, vstest.console.dll, AssemblyResolver.OnResolve: Microsoft.TestPlatform.Extensions.BlameDataCollector: Loading assembly '/usr/local/share/dotnet/sdk/8.0.204/Extensions/Microsoft.TestPlatform.Extensions.BlameDataCollector.dll'.
TpTrace Information: 0 : 20048, 1, 2024/06/06, 17:14:14.511, 21591669750250, vstest.console.dll, AssemblyResolver.OnResolve: Resolved assembly: Microsoft.TestPlatform.Extensions.BlameDataCollector, from path: /usr/local/share/dotnet/sdk/8.0.204/Extensions/Microsoft.TestPlatform.Extensions.BlameDataCollector.dll
TpTrace Verbose: 0 : 20048, 1, 2024/06/06, 17:14:14.511, 21591669765875, vstest.console.dll, MetadataReaderExtensionsHelper: Discovering extensions inside assembly 'Microsoft.TestPlatform.Extensions.BlameDataCollector, Version=15.0.0.0, Culture=neutral, PublicKeyToken=b03f5f7f11d50a3a' file path '/usr/local/share/dotnet/sdk/8.0.204/Extensions/Microsoft.TestPlatform.Extensions.BlameDataCollector.dll'
TpTrace Information: 0 : 20048, 1, 2024/06/06, 17:14:14.511, 21591670010083, vstest.console.dll, AssemblyResolver.OnResolve: Microsoft.TestPlatform.TestHostRuntimeProvider: Resolving assembly.
TpTrace Information: 0 : 20048, 1, 2024/06/06, 17:14:14.511, 21591670022541, vstest.console.dll, AssemblyResolver.OnResolve: Microsoft.TestPlatform.TestHostRuntimeProvider: Searching in: '/usr/local/share/dotnet/sdk/8.0.204/Extensions'.
TpTrace Information: 0 : 20048, 1, 2024/06/06, 17:14:14.511, 21591670070291, vstest.console.dll, AssemblyResolver.OnResolve: Microsoft.TestPlatform.TestHostRuntimeProvider: Loading assembly '/usr/local/share/dotnet/sdk/8.0.204/Extensions/Microsoft.TestPlatform.TestHostRuntimeProvider.dll'.
TpTrace Information: 0 : 20048, 1, 2024/06/06, 17:14:14.511, 21591670178208, vstest.console.dll, AssemblyResolver.OnResolve: Resolved assembly: Microsoft.TestPlatform.TestHostRuntimeProvider, from path: /usr/local/share/dotnet/sdk/8.0.204/Extensions/Microsoft.TestPlatform.TestHostRuntimeProvider.dll
TpTrace Verbose: 0 : 20048, 1, 2024/06/06, 17:14:14.511, 21591670191791, vstest.console.dll, MetadataReaderExtensionsHelper: Discovering extensions inside assembly 'Microsoft.TestPlatform.TestHostRuntimeProvider, Version=15.0.0.0, Culture=neutral, PublicKeyToken=b03f5f7f11d50a3a' file path '/usr/local/share/dotnet/sdk/8.0.204/Extensions/Microsoft.TestPlatform.TestHostRuntimeProvider.dll'
TpTrace Information: 0 : 20048, 1, 2024/06/06, 17:14:14.511, 21591670622083, vstest.console.dll, GetTestExtensionFromType: Register extension with identifier data 'HostProvider://DefaultTestHost' and type 'Microsoft.VisualStudio.TestPlatform.CrossPlatEngine.Hosting.DefaultTestHostManager, Microsoft.TestPlatform.TestHostRuntimeProvider, Version=15.0.0.0, Culture=neutral, PublicKeyToken=b03f5f7f11d50a3a' inside file '/usr/local/share/dotnet/sdk/8.0.204/Extensions/Microsoft.TestPlatform.TestHostRuntimeProvider.dll'
TpTrace Information: 0 : 20048, 1, 2024/06/06, 17:14:14.512, 21591670717708, vstest.console.dll, GetTestExtensionFromType: Register extension with identifier data 'HostProvider://DotnetTestHost' and type 'Microsoft.VisualStudio.TestPlatform.CrossPlatEngine.Hosting.DotnetTestHostManager, Microsoft.TestPlatform.TestHostRuntimeProvider, Version=15.0.0.0, Culture=neutral, PublicKeyToken=b03f5f7f11d50a3a' inside file '/usr/local/share/dotnet/sdk/8.0.204/Extensions/Microsoft.TestPlatform.TestHostRuntimeProvider.dll'
TpTrace Information: 0 : 20048, 1, 2024/06/06, 17:14:14.512, 21591670735708, vstest.console.dll, AssemblyResolver.OnResolve: Microsoft.TestPlatform.Extensions.EventLogCollector: Resolving assembly.
TpTrace Information: 0 : 20048, 1, 2024/06/06, 17:14:14.512, 21591670744000, vstest.console.dll, AssemblyResolver.OnResolve: Microsoft.TestPlatform.Extensions.EventLogCollector: Searching in: '/usr/local/share/dotnet/sdk/8.0.204/Extensions'.
TpTrace Information: 0 : 20048, 1, 2024/06/06, 17:14:14.512, 21591670795916, vstest.console.dll, AssemblyResolver.OnResolve: Microsoft.TestPlatform.Extensions.EventLogCollector: Loading assembly '/usr/local/share/dotnet/sdk/8.0.204/Extensions/Microsoft.TestPlatform.Extensions.EventLogCollector.dll'.
TpTrace Information: 0 : 20048, 1, 2024/06/06, 17:14:14.512, 21591670856791, vstest.console.dll, AssemblyResolver.OnResolve: Resolved assembly: Microsoft.TestPlatform.Extensions.EventLogCollector, from path: /usr/local/share/dotnet/sdk/8.0.204/Extensions/Microsoft.TestPlatform.Extensions.EventLogCollector.dll
TpTrace Verbose: 0 : 20048, 1, 2024/06/06, 17:14:14.512, 21591670870291, vstest.console.dll, MetadataReaderExtensionsHelper: Discovering extensions inside assembly 'Microsoft.TestPlatform.Extensions.EventLogCollector, Version=15.0.0.0, Culture=neutral, PublicKeyToken=b03f5f7f11d50a3a' file path '/usr/local/share/dotnet/sdk/8.0.204/Extensions/Microsoft.TestPlatform.Extensions.EventLogCollector.dll'
TpTrace Information: 0 : 20048, 1, 2024/06/06, 17:14:14.512, 21591671347500, vstest.console.dll, AssemblyResolver.OnResolve: Microsoft.VisualStudio.TestPlatform.Extensions.Html.TestLogger: Resolving assembly.
TpTrace Information: 0 : 20048, 1, 2024/06/06, 17:14:14.512, 21591671357208, vstest.console.dll, AssemblyResolver.OnResolve: Microsoft.VisualStudio.TestPlatform.Extensions.Html.TestLogger: Searching in: '/usr/local/share/dotnet/sdk/8.0.204/Extensions'.
TpTrace Information: 0 : 20048, 1, 2024/06/06, 17:14:14.512, 21591671400541, vstest.console.dll, AssemblyResolver.OnResolve: Microsoft.VisualStudio.TestPlatform.Extensions.Html.TestLogger: Loading assembly '/usr/local/share/dotnet/sdk/8.0.204/Extensions/Microsoft.VisualStudio.TestPlatform.Extensions.Html.TestLogger.dll'.
TpTrace Information: 0 : 20048, 1, 2024/06/06, 17:14:14.512, 21591671493458, vstest.console.dll, AssemblyResolver.OnResolve: Resolved assembly: Microsoft.VisualStudio.TestPlatform.Extensions.Html.TestLogger, from path: /usr/local/share/dotnet/sdk/8.0.204/Extensions/Microsoft.VisualStudio.TestPlatform.Extensions.Html.TestLogger.dll
TpTrace Verbose: 0 : 20048, 1, 2024/06/06, 17:14:14.512, 21591671506875, vstest.console.dll, MetadataReaderExtensionsHelper: Discovering extensions inside assembly 'Microsoft.VisualStudio.TestPlatform.Extensions.Html.TestLogger, Version=15.0.0.0, Culture=neutral, PublicKeyToken=b03f5f7f11d50a3a' file path '/usr/local/share/dotnet/sdk/8.0.204/Extensions/Microsoft.VisualStudio.TestPlatform.Extensions.Html.TestLogger.dll'
TpTrace Verbose: 0 : 20048, 1, 2024/06/06, 17:14:14.513, 21591671718083, vstest.console.dll, TestPluginCache: Discovered the extensions using extension path ''.
TpTrace Verbose: 0 : 20048, 1, 2024/06/06, 17:14:14.513, 21591671731666, vstest.console.dll, TestPluginCache: Discoverers are ''.
TpTrace Verbose: 0 : 20048, 1, 2024/06/06, 17:14:14.513, 21591671738125, vstest.console.dll, TestPluginCache: Executors are ''.
TpTrace Verbose: 0 : 20048, 1, 2024/06/06, 17:14:14.513, 21591671743708, vstest.console.dll, TestPluginCache: Executors2 are ''.
TpTrace Verbose: 0 : 20048, 1, 2024/06/06, 17:14:14.513, 21591671748958, vstest.console.dll, TestPluginCache: Setting providers are ''.
TpTrace Verbose: 0 : 20048, 1, 2024/06/06, 17:14:14.513, 21591671754166, vstest.console.dll, TestPluginCache: Loggers are ''.
TpTrace Verbose: 0 : 20048, 1, 2024/06/06, 17:14:14.513, 21591671822000, vstest.console.dll, TestPluginCache: TestHosts are 'HostProvider://DefaultTestHost,HostProvider://DotnetTestHost'.
TpTrace Verbose: 0 : 20048, 1, 2024/06/06, 17:14:14.513, 21591671829375, vstest.console.dll, TestPluginCache: DataCollectors are ''.
TpTrace Information: 0 : 20048, 1, 2024/06/06, 17:14:14.517, 21591675936958, vstest.console.dll, RunTestsArgumentProcessor:Execute: Test run is starting.
TpTrace Verbose: 0 : 20048, 1, 2024/06/06, 17:14:14.517, 21591675956125, vstest.console.dll, RunTestsArgumentProcessor:Execute: Queuing Test run.
TpTrace Information: 0 : 20048, 1, 2024/06/06, 17:14:14.517, 21591676039791, vstest.console.dll, TestRequestManager.RunTests: run tests started.
TpTrace Information: 0 : 20048, 1, 2024/06/06, 17:14:14.517, 21591676560291, vstest.console.dll, AssemblyMetadataProvider.GetFrameworkName: Determined framework:'.NETCoreApp,Version=v8.0' for source: '/Users/anatoliiyakubyshyn/Documents/Solvd/net/specflow/ExcelTesting/bin/Debug/net8.0/WordPadTesting.dll'
TpTrace Information: 0 : 20048, 1, 2024/06/06, 17:14:14.517, 21591676608375, vstest.console.dll, Determined framework for all sources: .NETCoreApp,Version=v8.0
TpTrace Verbose: 0 : 20048, 1, 2024/06/06, 17:14:14.518, 21591676697875, vstest.console.dll, TestRequestManager.UpdateRunSettingsIfRequired: Default architecture: ARM64 IsDefaultTargetArchitecture: True, Current process architecture: ARM64 OperatingSystem: OSX.
TpTrace Information: 0 : 20048, 1, 2024/06/06, 17:14:14.518, 21591677358416, vstest.console.dll, AssemblyMetadataProvider.GetArchitecture: Determined architecture:AnyCPU info for assembly: /Users/anatoliiyakubyshyn/Documents/Solvd/net/specflow/ExcelTesting/bin/Debug/net8.0/WordPadTesting.dll
TpTrace Information: 0 : 20048, 1, 2024/06/06, 17:14:14.518, 21591677369666, vstest.console.dll, Determined platform for source '/Users/anatoliiyakubyshyn/Documents/Solvd/net/specflow/ExcelTesting/bin/Debug/net8.0/WordPadTesting.dll' was AnyCPU and it will use the default plaform ARM64.
TpTrace Information: 0 : 20048, 1, 2024/06/06, 17:14:14.518, 21591677376541, vstest.console.dll, None of the sources provided any runnable platform, using the default platform: ARM64
TpTrace Information: 0 : 20048, 1, 2024/06/06, 17:14:14.518, 21591677426416, vstest.console.dll, Platform was updated to 'ARM64'.
TpTrace Information: 0 : 20048, 1, 2024/06/06, 17:14:14.519, 21591678255875, vstest.console.dll, Compatible sources list: 
TpTrace Information: 0 : 20048, 1, 2024/06/06, 17:14:14.519, 21591678292625, vstest.console.dll, /Users/anatoliiyakubyshyn/Documents/Solvd/net/specflow/ExcelTesting/bin/Debug/net8.0/WordPadTesting.dll
TpTrace Information: 0 : 20048, 1, 2024/06/06, 17:14:14.520, 21591679164208, vstest.console.dll, InferRunSettingsHelper.IsTestSettingsEnabled: Unable to navigate to RunSettings/MSTest. Current node: RunSettings
TpTrace Information: 0 : 20048, 1, 2024/06/06, 17:14:14.520, 21591679376166, vstest.console.dll, AssemblyResolver.OnResolve: Microsoft.VisualStudio.TestPlatform.Fakes: Resolving assembly.
TpTrace Information: 0 : 20048, 1, 2024/06/06, 17:14:14.520, 21591679390416, vstest.console.dll, AssemblyResolver.OnResolve: Microsoft.VisualStudio.TestPlatform.Fakes: Searching in: '/usr/local/share/dotnet/sdk/8.0.204/Extensions'.
TpTrace Information: 0 : 20048, 1, 2024/06/06, 17:14:14.520, 21591679408333, vstest.console.dll, AssemblyResolver.OnResolve: Microsoft.VisualStudio.TestPlatform.Fakes: Assembly path does not exist: '/usr/local/share/dotnet/sdk/8.0.204/Extensions/Microsoft.VisualStudio.TestPlatform.Fakes.dll', returning.
TpTrace Information: 0 : 20048, 1, 2024/06/06, 17:14:14.520, 21591679423125, vstest.console.dll, AssemblyResolver.OnResolve: Microsoft.VisualStudio.TestPlatform.Fakes: Assembly path does not exist: '/usr/local/share/dotnet/sdk/8.0.204/Extensions/Microsoft.VisualStudio.TestPlatform.Fakes.exe', returning.
TpTrace Information: 0 : 20048, 1, 2024/06/06, 17:14:14.520, 21591679430458, vstest.console.dll, AssemblyResolver.OnResolve: Microsoft.VisualStudio.TestPlatform.Fakes: Searching in: '/usr/local/share/dotnet/sdk/8.0.204'.
TpTrace Information: 0 : 20048, 1, 2024/06/06, 17:14:14.520, 21591679438083, vstest.console.dll, AssemblyResolver.OnResolve: Microsoft.VisualStudio.TestPlatform.Fakes: Assembly path does not exist: '/usr/local/share/dotnet/sdk/8.0.204/Microsoft.VisualStudio.TestPlatform.Fakes.dll', returning.
TpTrace Information: 0 : 20048, 1, 2024/06/06, 17:14:14.520, 21591679448416, vstest.console.dll, AssemblyResolver.OnResolve: Microsoft.VisualStudio.TestPlatform.Fakes: Assembly path does not exist: '/usr/local/share/dotnet/sdk/8.0.204/Microsoft.VisualStudio.TestPlatform.Fakes.exe', returning.
TpTrace Information: 0 : 20048, 1, 2024/06/06, 17:14:14.520, 21591679464833, vstest.console.dll, AssemblyResolver.OnResolve: Microsoft.VisualStudio.TestPlatform.Fakes: Failed to load assembly.
TpTrace Information: 0 : 20048, 1, 2024/06/06, 17:14:14.520, 21591679586500, vstest.console.dll, Failed to load assembly Microsoft.VisualStudio.TestPlatform.Fakes, Version=17.0.0.0, Culture=neutral. Reason:System.IO.FileNotFoundException: Could not load file or assembly 'Microsoft.VisualStudio.TestPlatform.Fakes, Version=17.0.0.0, Culture=neutral, PublicKeyToken=null'. The system cannot find the file specified.

File name: 'Microsoft.VisualStudio.TestPlatform.Fakes, Version=17.0.0.0, Culture=neutral, PublicKeyToken=null'
   at System.Reflection.RuntimeAssembly.InternalLoad(AssemblyName assemblyName, StackCrawlMark& stackMark, AssemblyLoadContext assemblyLoadContext, RuntimeAssembly requestingAssembly, Boolean throwOnFileNotFound)
   at System.Reflection.Assembly.Load(AssemblyName assemblyRef)
   at Microsoft.VisualStudio.TestPlatform.Common.Utilities.FakesUtilities.LoadTestPlatformAssembly() in /_/src/Microsoft.TestPlatform.Common/Utilities/FakesUtilities.cs:line 272
TpTrace Verbose: 0 : 20048, 1, 2024/06/06, 17:14:14.525, 21591684139583, vstest.console.dll, TestEngine: Initializing Parallel Execution as MaxCpuCount is set to: 1
TpTrace Information: 0 : 20048, 1, 2024/06/06, 17:14:14.526, 21591684801666, vstest.console.dll, TestPluginManager.CreateTestExtension: Attempting to load test extension: Microsoft.VisualStudio.TestPlatform.CrossPlatEngine.Hosting.DefaultTestHostManager
TpTrace Information: 0 : 20048, 1, 2024/06/06, 17:14:14.526, 21591684941458, vstest.console.dll, TestPluginManager.CreateTestExtension: Attempting to load test extension: Microsoft.VisualStudio.TestPlatform.CrossPlatEngine.Hosting.DotnetTestHostManager
TpTrace Information: 0 : 20048, 1, 2024/06/06, 17:14:14.526, 21591685137708, vstest.console.dll, InferRunSettingsHelper.IsTestSettingsEnabled: Unable to navigate to RunSettings/MSTest. Current node: RunSettings
TpTrace Verbose: 0 : 20048, 1, 2024/06/06, 17:14:14.526, 21591685327208, vstest.console.dll, ParallelOperationManager.ClearSlots: Clearing all slots. Slots should accept more work: True
TpTrace Verbose: 0 : 20048, 1, 2024/06/06, 17:14:14.526, 21591685594083, vstest.console.dll, ParallelOperationManager.SetOccupiedSlotCount: Setting slot counts AvailableSlotCount = 1, OccupiedSlotCount = 0.
TpTrace Verbose: 0 : 20048, 1, 2024/06/06, 17:14:14.527, 21591685722666, vstest.console.dll, Occupied slots:

TpTrace Verbose: 0 : 20048, 1, 2024/06/06, 17:14:14.528, 21591687256041, vstest.console.dll, TestEngine.GetExecutionManager: Chosen execution manager 'Microsoft.VisualStudio.TestPlatform.CrossPlatEngine.Client.Parallel.ParallelProxyExecutionManager, Microsoft.TestPlatform.CrossPlatEngine, Version=15.0.0.0, Culture=neutral, PublicKeyToken=b03f5f7f11d50a3a' ParallelLevel '1'.
TpTrace Verbose: 0 : 20048, 1, 2024/06/06, 17:14:14.528, 21591687303541, vstest.console.dll, TestRunRequest.ExecuteAsync: Creating test run request.
TpTrace Verbose: 0 : 20048, 1, 2024/06/06, 17:14:14.528, 21591687537125, vstest.console.dll, TestRunRequest.ExecuteAsync: Starting.
TpTrace Information: 0 : 20048, 1, 2024/06/06, 17:14:14.529, 21591687857750, vstest.console.dll, TestRunRequest.ExecuteAsync: Starting run with settings:TestRunCriteria:
   KeepAlive=False,FrequencyOfRunStatsChangeEvent=10,RunStatsChangeEventTimeout=00:00:01.5000000,TestCaseFilter=,TestExecutorLauncher=
   Settingsxml=<RunSettings>
  <RunConfiguration>
    <ResultsDirectory>/Users/anatoliiyakubyshyn/Documents/Solvd/net/specflow/ExcelTesting/TestResults</ResultsDirectory>
    <TargetPlatform>ARM64</TargetPlatform>
    <TargetFrameworkVersion>.NETCoreApp,Version=v8.0</TargetFrameworkVersion>
    <DesignMode>False</DesignMode>
    <CollectSourceInformation>False</CollectSourceInformation>
  </RunConfiguration>
  <LoggerRunSettings>
    <Loggers>
      <Logger friendlyName="Console" assemblyQualifiedName="Microsoft.VisualStudio.TestPlatform.CommandLine.Internal.ConsoleLogger, vstest.console, Version=15.0.0.0, Culture=neutral, PublicKeyToken=b03f5f7f11d50a3a" codeBase="/usr/local/share/dotnet/sdk/8.0.204/vstest.console.dll" enabled="True">
        <Configuration>
          <Verbosity>minimal</Verbosity>
        </Configuration>
      </Logger>
    </Loggers>
  </LoggerRunSettings>
</RunSettings>

TpTrace Verbose: 0 : 20048, 1, 2024/06/06, 17:14:14.529, 21591687891375, vstest.console.dll, TestRunRequest.ExecuteAsync: Wait for the first run request is over.
TpTrace Verbose: 0 : 20048, 1, 2024/06/06, 17:14:14.529, 21591688000791, vstest.console.dll, MulticastDelegateUtilities.SafeInvoke: TestRun.TestRunStart: Invoking callbacks was skipped because there are no subscribers.
TpTrace Verbose: 0 : 20048, 4, 2024/06/06, 17:14:14.529, 21591688120750, vstest.console.dll, MulticastDelegateUtilities.SafeInvoke: InternalTestLoggerEvents.SendTestRunStart: Invoking callback 1/1 for Microsoft.VisualStudio.TestPlatform.CommandLine.Internal.ConsoleLogger., took 0 ms.
TpTrace Verbose: 0 : 20048, 1, 2024/06/06, 17:14:14.529, 21591688477958, vstest.console.dll, ParallelProxyExecutionManager: Start execution. Total sources: 1
TpTrace Verbose: 0 : 20048, 1, 2024/06/06, 17:14:14.529, 21591688619041, vstest.console.dll, ParallelOperationManager.StartWork: Starting adding 1 workloads.
TpTrace Verbose: 0 : 20048, 1, 2024/06/06, 17:14:14.529, 21591688642666, vstest.console.dll, ParallelOperationManager.ClearSlots: Clearing all slots. Slots should accept more work: True
TpTrace Verbose: 0 : 20048, 1, 2024/06/06, 17:14:14.530, 21591688671833, vstest.console.dll, ParallelOperationManager.SetOccupiedSlotCount: Setting slot counts AvailableSlotCount = 1, OccupiedSlotCount = 0.
TpTrace Verbose: 0 : 20048, 1, 2024/06/06, 17:14:14.530, 21591688683833, vstest.console.dll, Occupied slots:

TpTrace Verbose: 0 : 20048, 1, 2024/06/06, 17:14:14.530, 21591689275041, vstest.console.dll, TestRequestSender is acting as server.
TpTrace Verbose: 0 : 20048, 1, 2024/06/06, 17:14:14.530, 21591689381000, vstest.console.dll, ParallelOperationManager.RunWorkInParallel: Adding 1 workload to slot, remaining workloads 0.
TpTrace Verbose: 0 : 20048, 1, 2024/06/06, 17:14:14.530, 21591689397083, vstest.console.dll, ParallelOperationManager.SetOccupiedSlotCount: Setting slot counts AvailableSlotCount = 0, OccupiedSlotCount = 1.
TpTrace Verbose: 0 : 20048, 1, 2024/06/06, 17:14:14.530, 21591689433458, vstest.console.dll, Occupied slots:
0: /Users/anatoliiyakubyshyn/Documents/Solvd/net/specflow/ExcelTesting/bin/Debug/net8.0/WordPadTesting.dll
TpTrace Verbose: 0 : 20048, 1, 2024/06/06, 17:14:14.531, 21591689948125, vstest.console.dll, ParallelOperationManager.RunWorkInParallel: Started host in slot number 0 for work (source): /Users/anatoliiyakubyshyn/Documents/Solvd/net/specflow/ExcelTesting/bin/Debug/net8.0/WordPadTesting.dll.
TpTrace Verbose: 0 : 20048, 1, 2024/06/06, 17:14:14.531, 21591690325750, vstest.console.dll, ParallelOperationManager.RunWorkInParallel: We started 1 work items, which is the max parallel level. Won't start more work.
TpTrace Verbose: 0 : 20048, 1, 2024/06/06, 17:14:14.531, 21591690348875, vstest.console.dll, ParallelOperationManager.RunWorkInParallel: We started 1 work items in here, returning True.
TpTrace Information: 0 : 20048, 1, 2024/06/06, 17:14:14.531, 21591690359791, vstest.console.dll, TestRunRequest.ExecuteAsync: Started.
TpTrace Verbose: 0 : 20048, 5, 2024/06/06, 17:14:14.531, 21591690478708, vstest.console.dll, ParallelProxyExecutionManager.StartTestRunOnConcurrentManager: Initializing uninitialized client. Started clients: 0
TpTrace Verbose: 0 : 20048, 5, 2024/06/06, 17:14:14.531, 21591690494416, vstest.console.dll, ParallelProxyExecutionManager.StartTestRunOnConcurrentManager: Initializing test run. Started clients: 0
TpTrace Verbose: 0 : 20048, 5, 2024/06/06, 17:14:14.531, 21591690521708, vstest.console.dll, ProxyExecutionManager: Test host is always Lazy initialize.
TpTrace Verbose: 0 : 20048, 5, 2024/06/06, 17:14:14.531, 21591690609500, vstest.console.dll, TestRequestSender.InitializeCommunication: initialize communication. 
TpTrace Verbose: 0 : 20048, 1, 2024/06/06, 17:14:14.532, 21591690660916, vstest.console.dll, TestRunRequest.WaitForCompletion: Waiting with timeout -1.
TpTrace Information: 0 : 20048, 5, 2024/06/06, 17:14:14.535, 21591693870416, vstest.console.dll, SocketServer.Start: Listening on endpoint : 127.0.0.1:50718
TpTrace Verbose: 0 : 20048, 5, 2024/06/06, 17:14:14.537, 21591695804583, vstest.console.dll, DotnetTestHostmanager.GetTestHostProcessStartInfo: Platform environment 'ARM64' target architecture 'ARM64' framework '.NETCoreApp,Version=v8.0' OS 'OSX'
TpTrace Verbose: 0 : 20048, 5, 2024/06/06, 17:14:14.537, 21591695876333, vstest.console.dll, DotnetTestHostmanager: Adding  --runtimeconfig "/Users/anatoliiyakubyshyn/Documents/Solvd/net/specflow/ExcelTesting/bin/Debug/net8.0/WordPadTesting.runtimeconfig.json" in args
TpTrace Verbose: 0 : 20048, 5, 2024/06/06, 17:14:14.537, 21591695891500, vstest.console.dll, DotnetTestHostmanager: Adding  --depsfile "/Users/anatoliiyakubyshyn/Documents/Solvd/net/specflow/ExcelTesting/bin/Debug/net8.0/WordPadTesting.deps.json" in args
TpTrace Information: 0 : 20048, 5, 2024/06/06, 17:14:14.537, 21591695925958, vstest.console.dll, AssemblyResolver.OnResolve: Microsoft.Extensions.DependencyModel: Resolving assembly.
TpTrace Information: 0 : 20048, 5, 2024/06/06, 17:14:14.537, 21591695940041, vstest.console.dll, AssemblyResolver.OnResolve: Microsoft.Extensions.DependencyModel: Searching in: '/usr/local/share/dotnet/sdk/8.0.204/Extensions'.
TpTrace Information: 0 : 20048, 5, 2024/06/06, 17:14:14.537, 21591695952416, vstest.console.dll, AssemblyResolver.OnResolve: Microsoft.Extensions.DependencyModel: Assembly path does not exist: '/usr/local/share/dotnet/sdk/8.0.204/Extensions/Microsoft.Extensions.DependencyModel.dll', returning.
TpTrace Information: 0 : 20048, 5, 2024/06/06, 17:14:14.537, 21591695963083, vstest.console.dll, AssemblyResolver.OnResolve: Microsoft.Extensions.DependencyModel: Assembly path does not exist: '/usr/local/share/dotnet/sdk/8.0.204/Extensions/Microsoft.Extensions.DependencyModel.exe', returning.
TpTrace Information: 0 : 20048, 5, 2024/06/06, 17:14:14.537, 21591695970125, vstest.console.dll, AssemblyResolver.OnResolve: Microsoft.Extensions.DependencyModel: Searching in: '/usr/local/share/dotnet/sdk/8.0.204'.
TpTrace Information: 0 : 20048, 5, 2024/06/06, 17:14:14.537, 21591696086625, vstest.console.dll, AssemblyResolver.OnResolve: Microsoft.Extensions.DependencyModel: Loading assembly '/usr/local/share/dotnet/sdk/8.0.204/Microsoft.Extensions.DependencyModel.dll'.
TpTrace Information: 0 : 20048, 5, 2024/06/06, 17:14:14.537, 21591696264291, vstest.console.dll, AssemblyResolver.OnResolve: Resolved assembly: Microsoft.Extensions.DependencyModel, from path: /usr/local/share/dotnet/sdk/8.0.204/Microsoft.Extensions.DependencyModel.dll
TpTrace Verbose: 0 : 20048, 5, 2024/06/06, 17:14:14.537, 21591696430000, vstest.console.dll, DotnetTestHostmanager: Runtimeconfig.dev.json /Users/anatoliiyakubyshyn/Documents/Solvd/net/specflow/ExcelTesting/bin/Debug/net8.0/WordPadTesting.runtimeconfig.dev.json does not exist.
TpTrace Verbose: 0 : 20048, 5, 2024/06/06, 17:14:14.537, 21591696441583, vstest.console.dll, DotnetTestHostManager: Found testhost.dll in source directory: /Users/anatoliiyakubyshyn/Documents/Solvd/net/specflow/ExcelTesting/bin/Debug/net8.0/testhost.dll.
TpTrace Verbose: 0 : 20048, 5, 2024/06/06, 17:14:14.537, 21591696465583, vstest.console.dll, DotnetTestHostmanager: Current process architetcure 'ARM64'
TpTrace Verbose: 0 : 20048, 5, 2024/06/06, 17:14:14.537, 21591696491000, vstest.console.dll, DotnetTestHostmanager.LaunchTestHostAsync: Compatible muxer architecture of running process 'ARM64' and target architecture 'ARM64'
TpTrace Verbose: 0 : 20048, 5, 2024/06/06, 17:14:14.537, 21591696499875, vstest.console.dll, DotnetTestHostmanager: Full path of testhost.dll is /Users/anatoliiyakubyshyn/Documents/Solvd/net/specflow/ExcelTesting/bin/Debug/net8.0/testhost.dll
TpTrace Verbose: 0 : 20048, 5, 2024/06/06, 17:14:14.537, 21591696509208, vstest.console.dll, DotnetTestHostmanager: Full path of host exe is /usr/local/share/dotnet/dotnet
TpTrace Verbose: 0 : 20048, 5, 2024/06/06, 17:14:14.537, 21591696596416, vstest.console.dll, DotnetTestHostManager: Starting process '/usr/local/share/dotnet/dotnet' with command line 'exec --runtimeconfig "/Users/anatoliiyakubyshyn/Documents/Solvd/net/specflow/ExcelTesting/bin/Debug/net8.0/WordPadTesting.runtimeconfig.json" --depsfile "/Users/anatoliiyakubyshyn/Documents/Solvd/net/specflow/ExcelTesting/bin/Debug/net8.0/WordPadTesting.deps.json" "/Users/anatoliiyakubyshyn/Documents/Solvd/net/specflow/ExcelTesting/bin/Debug/net8.0/testhost.dll" --port 50718 --endpoint 127.0.0.1:050718 --role client --parentprocessid 20048 --diag "/Users/anatoliiyakubyshyn/Documents/Solvd/net/specflow/ExcelTesting/log.host.24-06-06_17-14-14_53695_5.txt" --tracelevel 4 --telemetryoptedin false'
TpTrace Verbose: 0 : 20048, 5, 2024/06/06, 17:14:14.558, 21591717627666, vstest.console.dll, Test Runtime launched
TpTrace Verbose: 0 : 20048, 5, 2024/06/06, 17:14:14.559, 21591717772208, vstest.console.dll, MulticastDelegateUtilities.SafeInvoke: HostProviderEvents.OnHostLaunched: Invoking callback 1/1 for Microsoft.VisualStudio.TestPlatform.CrossPlatEngine.Client.ProxyOperationManager., took 0 ms.
TpTrace Verbose: 0 : 20048, 5, 2024/06/06, 17:14:14.559, 21591717948333, vstest.console.dll, TestRequestSender.WaitForRequestHandlerConnection: waiting for connection with timeout: 90000.
TpTrace Verbose: 0 : 20048, 11, 2024/06/06, 17:14:14.620, 21591778750125, vstest.console.dll, MulticastDelegateUtilities.SafeInvoke: SocketServer: ClientConnected: Invoking callback 1/1 for Microsoft.VisualStudio.TestPlatform.CommunicationUtilities.TestRequestSender., took 0 ms.
TpTrace Verbose: 0 : 20048, 11, 2024/06/06, 17:14:14.620, 21591778792750, vstest.console.dll, SocketServer.OnClientConnected: Client connected for endPoint: 127.0.0.1:50718, starting MessageLoopAsync:
TpTrace Verbose: 0 : 20048, 5, 2024/06/06, 17:14:14.620, 21591778791333, vstest.console.dll, TestRequestSender.WaitForRequestHandlerConnection: waiting took 60 ms, with timeout 90000 ms, and result 0, which is success.
TpTrace Verbose: 0 : 20048, 11, 2024/06/06, 17:14:14.620, 21591778986958, vstest.console.dll, TcpClientExtensions.MessageLoopAsync: Polling on remoteEndPoint: 127.0.0.1:50719 localEndPoint: 127.0.0.1:50718 after 0 ms
TpTrace Verbose: 0 : 20048, 5, 2024/06/06, 17:14:14.637, 21591796061875, vstest.console.dll, TestRequestSender.CheckVersionWithTestHost: Sending check version message: {"MessageType":"ProtocolVersion","Payload":7}
TpTrace Verbose: 0 : 20048, 11, 2024/06/06, 17:14:14.685, 21591844569208, vstest.console.dll, TcpClientExtensions.MessageLoopAsync: NotifyDataAvailable remoteEndPoint: 127.0.0.1:50719 localEndPoint: 127.0.0.1:50718
TpTrace Verbose: 0 : 20048, 11, 2024/06/06, 17:14:14.686, 21591844802000, vstest.console.dll, TestRequestSender.CheckVersionWithTestHost: onMessageReceived received message: (ProtocolVersion) -> {"MessageType":"ProtocolVersion","Payload":2}
TpTrace Verbose: 0 : 20048, 11, 2024/06/06, 17:14:14.687, 21591846488416, vstest.console.dll, MulticastDelegateUtilities.SafeInvoke: LengthPrefixCommunicationChannel: MessageReceived: Invoking callback 1/1 for Microsoft.VisualStudio.TestPlatform.CommunicationUtilities.TestRequestSender+<>c__DisplayClass29_0., took 1 ms.
TpTrace Verbose: 0 : 20048, 11, 2024/06/06, 17:14:14.687, 21591846518875, vstest.console.dll, TcpClientExtensions.MessageLoopAsync: Polling on remoteEndPoint: 127.0.0.1:50719 localEndPoint: 127.0.0.1:50718 after 67 ms
TpTrace Verbose: 0 : 20048, 5, 2024/06/06, 17:14:14.687, 21591846571958, vstest.console.dll, TestPluginCache.GetExtensionPaths: Filtered extension paths: 
TpTrace Verbose: 0 : 20048, 5, 2024/06/06, 17:14:14.687, 21591846597000, vstest.console.dll, TestPluginCache.GetExtensionPaths: Added default extension paths: /usr/local/share/dotnet/sdk/8.0.204/Extensions/Microsoft.VisualStudio.TestPlatform.Extensions.Trx.TestLogger.dll
/usr/local/share/dotnet/sdk/8.0.204/Extensions/Microsoft.Diagnostics.NETCore.Client.dll
/usr/local/share/dotnet/sdk/8.0.204/Extensions/Microsoft.TestPlatform.Extensions.BlameDataCollector.dll
/usr/local/share/dotnet/sdk/8.0.204/Extensions/Microsoft.TestPlatform.TestHostRuntimeProvider.dll
/usr/local/share/dotnet/sdk/8.0.204/Extensions/Microsoft.TestPlatform.Extensions.EventLogCollector.dll
/usr/local/share/dotnet/sdk/8.0.204/Extensions/Microsoft.VisualStudio.TestPlatform.Extensions.Html.TestLogger.dll
TpTrace Verbose: 0 : 20048, 5, 2024/06/06, 17:14:14.687, 21591846623000, vstest.console.dll, TestPluginCache.GetExtensionPaths: Added unfilterableExtensionPaths: 
TpTrace Verbose: 0 : 20048, 5, 2024/06/06, 17:14:14.689, 21591848336208, vstest.console.dll, TestRequestSender.InitializeExecution: Sending initialize execution with message: {"Version":2,"MessageType":"TestExecution.Initialize","Payload":["/Users/anatoliiyakubyshyn/Documents/Solvd/net/specflow/ExcelTesting/bin/Debug/net8.0/NUnit3.TestAdapter.dll"]}
TpTrace Verbose: 0 : 20048, 5, 2024/06/06, 17:14:14.689, 21591848405958, vstest.console.dll, ParallelProxyExecutionManager.StartTestRunOnConcurrentManager: Execution starting. Started clients: 1
TpTrace Verbose: 0 : 20048, 11, 2024/06/06, 17:14:14.689, 21591848534791, vstest.console.dll, TcpClientExtensions.MessageLoopAsync: NotifyDataAvailable remoteEndPoint: 127.0.0.1:50719 localEndPoint: 127.0.0.1:50718
TpTrace Warning: 0 : 20048, 5, 2024/06/06, 17:14:14.689, 21591848612708, vstest.console.dll, InferRunSettingsHelper.MakeRunsettingsCompatible: Removing the following settings: TargetPlatform from RunSettings file. To use those settings please move to latest version of Microsoft.NET.Test.Sdk
TpTrace Verbose: 0 : 20048, 11, 2024/06/06, 17:14:14.690, 21591848935125, vstest.console.dll, TestRequestSender.OnExecutionMessageReceived: Received message: {"Version":2,"MessageType":"TestSession.Message","Payload":{"MessageLevel":0,"Message":"Logging TestHost Diagnostics in file: /Users/anatoliiyakubyshyn/Documents/Solvd/net/specflow/ExcelTesting/log.host.24-06-06_17-14-14_53695_5.txt"}}
TpTrace Verbose: 0 : 20048, 11, 2024/06/06, 17:14:14.691, 21591850214625, vstest.console.dll, TestRunRequest:SendTestRunMessage: Starting.
TpTrace Verbose: 0 : 20048, 11, 2024/06/06, 17:14:14.691, 21591850305083, vstest.console.dll, MulticastDelegateUtilities.SafeInvoke: TestRun.LogMessages: Invoking callback 1/1 for Microsoft.VisualStudio.TestPlatform.CommandLine.TestRunResultAggregator., took 0 ms.
TpTrace Information: 0 : 20048, 11, 2024/06/06, 17:14:14.691, 21591850316708, vstest.console.dll, TestRunRequest:SendTestRunMessage: Completed.
TpTrace Verbose: 0 : 20048, 11, 2024/06/06, 17:14:14.691, 21591850327125, vstest.console.dll, MulticastDelegateUtilities.SafeInvoke: LengthPrefixCommunicationChannel: MessageReceived: Invoking callback 1/1 for Microsoft.VisualStudio.TestPlatform.CommunicationUtilities.TestRequestSender+<>c__DisplayClass34_0., took 1 ms.
TpTrace Verbose: 0 : 20048, 11, 2024/06/06, 17:14:14.691, 21591850340291, vstest.console.dll, TcpClientExtensions.MessageLoopAsync: Polling on remoteEndPoint: 127.0.0.1:50719 localEndPoint: 127.0.0.1:50718 after 3 ms
TpTrace Verbose: 0 : 20048, 4, 2024/06/06, 17:14:14.691, 21591850417833, vstest.console.dll, MulticastDelegateUtilities.SafeInvoke: InternalTestLoggerEvents.SendTestRunMessage: Invoking callback 1/1 for Microsoft.VisualStudio.TestPlatform.CommandLine.Internal.ConsoleLogger., took 0 ms.
TpTrace Verbose: 0 : 20048, 5, 2024/06/06, 17:14:14.692, 21591851356750, vstest.console.dll, TestRequestSender.StartTestRun: Sending test run with message: {"Version":2,"MessageType":"TestExecution.StartWithSources","Payload":{"AdapterSourceMap":{"_none_":["/Users/anatoliiyakubyshyn/Documents/Solvd/net/specflow/ExcelTesting/bin/Debug/net8.0/WordPadTesting.dll"]},"RunSettings":"<RunSettings>\n  <RunConfiguration>\n    <ResultsDirectory>/Users/anatoliiyakubyshyn/Documents/Solvd/net/specflow/ExcelTesting/TestResults</ResultsDirectory>\n    <TargetFrameworkVersion>.NETCoreApp,Version=v8.0</TargetFrameworkVersion>\n    <DesignMode>False</DesignMode>\n    <CollectSourceInformation>False</CollectSourceInformation>\n  </RunConfiguration>\n  <LoggerRunSettings>\n    <Loggers>\n      <Logger friendlyName=\"Console\" assemblyQualifiedName=\"Microsoft.VisualStudio.TestPlatform.CommandLine.Internal.ConsoleLogger, vstest.console, Version=15.0.0.0, Culture=neutral, PublicKeyToken=b03f5f7f11d50a3a\" codeBase=\"/usr/local/share/dotnet/sdk/8.0.204/vstest.console.dll\" enabled=\"True\">\n        <Configuration>\n          <Verbosity>minimal</Verbosity>\n        </Configuration>\n      </Logger>\n    </Loggers>\n  </LoggerRunSettings>\n</RunSettings>","TestExecutionContext":{"FrequencyOfRunStatsChangeEvent":10,"RunStatsChangeEventTimeout":"00:00:01.5000000","InIsolation":false,"KeepAlive":false,"AreTestCaseLevelEventsRequired":false,"IsDebug":false,"TestCaseFilter":null,"FilterOptions":null},"Package":null}}
TpTrace Verbose: 0 : 20048, 5, 2024/06/06, 17:14:14.692, 21591851405083, vstest.console.dll, ParallelProxyExecutionManager.StartTestRunOnConcurrentManager: Execution started. Started clients: 1
TpTrace Verbose: 0 : 20048, 11, 2024/06/06, 17:14:14.742, 21591901104708, vstest.console.dll, TcpClientExtensions.MessageLoopAsync: NotifyDataAvailable remoteEndPoint: 127.0.0.1:50719 localEndPoint: 127.0.0.1:50718
TpTrace Verbose: 0 : 20048, 11, 2024/06/06, 17:14:14.742, 21591901198541, vstest.console.dll, TestRequestSender.OnExecutionMessageReceived: Received message: {"Version":2,"MessageType":"TestSession.Message","Payload":{"MessageLevel":0,"Message":"NUnit Adapter 3.17.0.0: Test execution started"}}
TpTrace Verbose: 0 : 20048, 11, 2024/06/06, 17:14:14.742, 21591901286125, vstest.console.dll, TestRunRequest:SendTestRunMessage: Starting.
TpTrace Verbose: 0 : 20048, 11, 2024/06/06, 17:14:14.742, 21591901314000, vstest.console.dll, MulticastDelegateUtilities.SafeInvoke: TestRun.LogMessages: Invoking callback 1/1 for Microsoft.VisualStudio.TestPlatform.CommandLine.TestRunResultAggregator., took 0 ms.
TpTrace Information: 0 : 20048, 11, 2024/06/06, 17:14:14.742, 21591901322583, vstest.console.dll, TestRunRequest:SendTestRunMessage: Completed.
TpTrace Verbose: 0 : 20048, 11, 2024/06/06, 17:14:14.742, 21591901330000, vstest.console.dll, MulticastDelegateUtilities.SafeInvoke: LengthPrefixCommunicationChannel: MessageReceived: Invoking callback 1/1 for Microsoft.VisualStudio.TestPlatform.CommunicationUtilities.TestRequestSender+<>c__DisplayClass34_0., took 0 ms.
TpTrace Verbose: 0 : 20048, 11, 2024/06/06, 17:14:14.742, 21591901338916, vstest.console.dll, TcpClientExtensions.MessageLoopAsync: Polling on remoteEndPoint: 127.0.0.1:50719 localEndPoint: 127.0.0.1:50718 after 50 ms
TpTrace Verbose: 0 : 20048, 4, 2024/06/06, 17:14:14.742, 21591901363000, vstest.console.dll, MulticastDelegateUtilities.SafeInvoke: InternalTestLoggerEvents.SendTestRunMessage: Invoking callback 1/1 for Microsoft.VisualStudio.TestPlatform.CommandLine.Internal.ConsoleLogger., took 0 ms.
TpTrace Verbose: 0 : 20048, 11, 2024/06/06, 17:14:14.750, 21591909394250, vstest.console.dll, TcpClientExtensions.MessageLoopAsync: NotifyDataAvailable remoteEndPoint: 127.0.0.1:50719 localEndPoint: 127.0.0.1:50718
TpTrace Verbose: 0 : 20048, 11, 2024/06/06, 17:14:14.750, 21591909428750, vstest.console.dll, TestRequestSender.OnExecutionMessageReceived: Received message: {"Version":2,"MessageType":"TestSession.Message","Payload":{"MessageLevel":0,"Message":"Running all tests in /Users/anatoliiyakubyshyn/Documents/Solvd/net/specflow/ExcelTesting/bin/Debug/net8.0/WordPadTesting.dll"}}
TpTrace Verbose: 0 : 20048, 11, 2024/06/06, 17:14:14.750, 21591909458375, vstest.console.dll, TestRunRequest:SendTestRunMessage: Starting.
TpTrace Verbose: 0 : 20048, 11, 2024/06/06, 17:14:14.750, 21591909474875, vstest.console.dll, MulticastDelegateUtilities.SafeInvoke: TestRun.LogMessages: Invoking callback 1/1 for Microsoft.VisualStudio.TestPlatform.CommandLine.TestRunResultAggregator., took 0 ms.
TpTrace Information: 0 : 20048, 11, 2024/06/06, 17:14:14.750, 21591909482250, vstest.console.dll, TestRunRequest:SendTestRunMessage: Completed.
TpTrace Verbose: 0 : 20048, 4, 2024/06/06, 17:14:14.750, 21591909487708, vstest.console.dll, MulticastDelegateUtilities.SafeInvoke: InternalTestLoggerEvents.SendTestRunMessage: Invoking callback 1/1 for Microsoft.VisualStudio.TestPlatform.CommandLine.Internal.ConsoleLogger., took 0 ms.
TpTrace Verbose: 0 : 20048, 11, 2024/06/06, 17:14:14.750, 21591909502208, vstest.console.dll, MulticastDelegateUtilities.SafeInvoke: LengthPrefixCommunicationChannel: MessageReceived: Invoking callback 1/1 for Microsoft.VisualStudio.TestPlatform.CommunicationUtilities.TestRequestSender+<>c__DisplayClass34_0., took 0 ms.
TpTrace Verbose: 0 : 20048, 11, 2024/06/06, 17:14:14.750, 21591909534750, vstest.console.dll, TcpClientExtensions.MessageLoopAsync: Polling on remoteEndPoint: 127.0.0.1:50719 localEndPoint: 127.0.0.1:50718 after 8 ms
TpTrace Verbose: 0 : 20048, 11, 2024/06/06, 17:14:14.796, 21591955494166, vstest.console.dll, TcpClientExtensions.MessageLoopAsync: NotifyDataAvailable remoteEndPoint: 127.0.0.1:50719 localEndPoint: 127.0.0.1:50718
TpTrace Verbose: 0 : 20048, 11, 2024/06/06, 17:14:14.796, 21591955536833, vstest.console.dll, TestRequestSender.OnExecutionMessageReceived: Received message: {"Version":2,"MessageType":"TestSession.Message","Payload":{"MessageLevel":0,"Message":"   NUnit3TestExecutor discovered 3 of 3 NUnit test cases"}}
TpTrace Verbose: 0 : 20048, 11, 2024/06/06, 17:14:14.796, 21591955587916, vstest.console.dll, TestRunRequest:SendTestRunMessage: Starting.
TpTrace Verbose: 0 : 20048, 11, 2024/06/06, 17:14:14.796, 21591955611041, vstest.console.dll, MulticastDelegateUtilities.SafeInvoke: TestRun.LogMessages: Invoking callback 1/1 for Microsoft.VisualStudio.TestPlatform.CommandLine.TestRunResultAggregator., took 0 ms.
TpTrace Information: 0 : 20048, 11, 2024/06/06, 17:14:14.796, 21591955619291, vstest.console.dll, TestRunRequest:SendTestRunMessage: Completed.
TpTrace Verbose: 0 : 20048, 11, 2024/06/06, 17:14:14.796, 21591955626833, vstest.console.dll, MulticastDelegateUtilities.SafeInvoke: LengthPrefixCommunicationChannel: MessageReceived: Invoking callback 1/1 for Microsoft.VisualStudio.TestPlatform.CommunicationUtilities.TestRequestSender+<>c__DisplayClass34_0., took 0 ms.
TpTrace Verbose: 0 : 20048, 11, 2024/06/06, 17:14:14.796, 21591955634541, vstest.console.dll, TcpClientExtensions.MessageLoopAsync: Polling on remoteEndPoint: 127.0.0.1:50719 localEndPoint: 127.0.0.1:50718 after 46 ms
TpTrace Verbose: 0 : 20048, 4, 2024/06/06, 17:14:14.796, 21591955653625, vstest.console.dll, MulticastDelegateUtilities.SafeInvoke: InternalTestLoggerEvents.SendTestRunMessage: Invoking callback 1/1 for Microsoft.VisualStudio.TestPlatform.CommandLine.Internal.ConsoleLogger., took 0 ms.
TpTrace Verbose: 0 : 20048, 11, 2024/06/06, 17:14:15.798, 21592956832125, vstest.console.dll, TcpClientExtensions.MessageLoopAsync: Polling on remoteEndPoint: 127.0.0.1:50719 localEndPoint: 127.0.0.1:50718 after 1001 ms
TpTrace Verbose: 0 : 20048, 11, 2024/06/06, 17:14:16.230, 21593389265375, vstest.console.dll, TcpClientExtensions.MessageLoopAsync: NotifyDataAvailable remoteEndPoint: 127.0.0.1:50719 localEndPoint: 127.0.0.1:50718
TpTrace Verbose: 0 : 20048, 11, 2024/06/06, 17:14:16.230, 21593389408041, vstest.console.dll, TestRequestSender.OnExecutionMessageReceived: Received message: {"Version":2,"MessageType":"TestExecution.StatsChange","Payload":{"NewTestResults":[],"TestRunStatistics":{"ExecutedTests":0,"Stats":{}},"ActiveTests":[{"Id":"a1c3a866-d017-c3e5-4f5e-130dc7fca386","FullyQualifiedName":"WordPadTesting.Features.TypeTextFeature.CheckTextContent(\"hello world!\",null)","DisplayName":"CheckTextContent(\"hello world!\",null)","ExecutorUri":"executor://NUnit3TestExecutor","Source":"/Users/anatoliiyakubyshyn/Documents/Solvd/net/specflow/ExcelTesting/bin/Debug/net8.0/WordPadTesting.dll","CodeFilePath":null,"LineNumber":0,"Properties":[]}]}}
TpTrace Verbose: 0 : 20048, 11, 2024/06/06, 17:14:16.237, 21593395779208, vstest.console.dll, TestRunRequest:SendTestRunStatsChange: Starting.
TpTrace Verbose: 0 : 20048, 11, 2024/06/06, 17:14:16.237, 21593395860583, vstest.console.dll, InProgress is CheckTextContent("hello world!",null)
TpTrace Verbose: 0 : 20048, 11, 2024/06/06, 17:14:16.237, 21593395918416, vstest.console.dll, MulticastDelegateUtilities.SafeInvoke: TestRun.RunStatsChanged: Invoking callbacks was skipped because there are no subscribers.
TpTrace Information: 0 : 20048, 11, 2024/06/06, 17:14:16.237, 21593395932250, vstest.console.dll, TestRunRequest:SendTestRunStatsChange: Completed.
TpTrace Verbose: 0 : 20048, 11, 2024/06/06, 17:14:16.237, 21593395943833, vstest.console.dll, MulticastDelegateUtilities.SafeInvoke: LengthPrefixCommunicationChannel: MessageReceived: Invoking callback 1/1 for Microsoft.VisualStudio.TestPlatform.CommunicationUtilities.TestRequestSender+<>c__DisplayClass34_0., took 6 ms.
TpTrace Verbose: 0 : 20048, 11, 2024/06/06, 17:14:16.237, 21593395957458, vstest.console.dll, TcpClientExtensions.MessageLoopAsync: Polling on remoteEndPoint: 127.0.0.1:50719 localEndPoint: 127.0.0.1:50718 after 438 ms
TpTrace Verbose: 0 : 20048, 11, 2024/06/06, 17:14:17.238, 21594397028958, vstest.console.dll, TcpClientExtensions.MessageLoopAsync: Polling on remoteEndPoint: 127.0.0.1:50719 localEndPoint: 127.0.0.1:50718 after 1001 ms
TpTrace Verbose: 0 : 20048, 11, 2024/06/06, 17:14:18.239, 21595398379125, vstest.console.dll, TcpClientExtensions.MessageLoopAsync: Polling on remoteEndPoint: 127.0.0.1:50719 localEndPoint: 127.0.0.1:50718 after 1001 ms
TpTrace Verbose: 0 : 20048, 11, 2024/06/06, 17:14:19.240, 21596399106208, vstest.console.dll, TcpClientExtensions.MessageLoopAsync: Polling on remoteEndPoint: 127.0.0.1:50719 localEndPoint: 127.0.0.1:50718 after 1000 ms
TpTrace Verbose: 0 : 20048, 11, 2024/06/06, 17:14:20.241, 21597400369833, vstest.console.dll, TcpClientExtensions.MessageLoopAsync: Polling on remoteEndPoint: 127.0.0.1:50719 localEndPoint: 127.0.0.1:50718 after 1001 ms
TpTrace Verbose: 0 : 20048, 11, 2024/06/06, 17:14:21.243, 21598401800291, vstest.console.dll, TcpClientExtensions.MessageLoopAsync: Polling on remoteEndPoint: 127.0.0.1:50719 localEndPoint: 127.0.0.1:50718 after 1001 ms
TpTrace Verbose: 0 : 20048, 11, 2024/06/06, 17:14:22.244, 21599403237833, vstest.console.dll, TcpClientExtensions.MessageLoopAsync: Polling on remoteEndPoint: 127.0.0.1:50719 localEndPoint: 127.0.0.1:50718 after 1001 ms
TpTrace Verbose: 0 : 20048, 11, 2024/06/06, 17:14:23.245, 21600404618958, vstest.console.dll, TcpClientExtensions.MessageLoopAsync: Polling on remoteEndPoint: 127.0.0.1:50719 localEndPoint: 127.0.0.1:50718 after 1001 ms
TpTrace Verbose: 0 : 20048, 11, 2024/06/06, 17:14:24.247, 21601406152791, vstest.console.dll, TcpClientExtensions.MessageLoopAsync: Polling on remoteEndPoint: 127.0.0.1:50719 localEndPoint: 127.0.0.1:50718 after 1001 ms
TpTrace Verbose: 0 : 20048, 11, 2024/06/06, 17:14:25.248, 21602407562666, vstest.console.dll, TcpClientExtensions.MessageLoopAsync: Polling on remoteEndPoint: 127.0.0.1:50719 localEndPoint: 127.0.0.1:50718 after 1001 ms
TpTrace Verbose: 0 : 20048, 11, 2024/06/06, 17:14:26.250, 21603409397666, vstest.console.dll, TcpClientExtensions.MessageLoopAsync: Polling on remoteEndPoint: 127.0.0.1:50719 localEndPoint: 127.0.0.1:50718 after 1001 ms
TpTrace Verbose: 0 : 20048, 11, 2024/06/06, 17:14:27.252, 21604411229416, vstest.console.dll, TcpClientExtensions.MessageLoopAsync: Polling on remoteEndPoint: 127.0.0.1:50719 localEndPoint: 127.0.0.1:50718 after 1001 ms
TpTrace Verbose: 0 : 20048, 11, 2024/06/06, 17:14:27.677, 21604836336208, vstest.console.dll, TcpClientExtensions.MessageLoopAsync: NotifyDataAvailable remoteEndPoint: 127.0.0.1:50719 localEndPoint: 127.0.0.1:50718
TpTrace Verbose: 0 : 20048, 11, 2024/06/06, 17:14:27.677, 21604836510291, vstest.console.dll, TestRequestSender.OnExecutionMessageReceived: Received message: {"Version":2,"MessageType":"TestSession.Message","Payload":{"MessageLevel":0,"Message":"Given I am on document page with clean document\n-> No matching step definition found for the step. Use the following code to create one:\n        [Given(@\"I am on document page with clean document\")]\n        public void GivenIAmOnDocumentPageWithCleanDocument()\n        {\n            _scenarioContext.Pending();\n        }\n\nWhen I type hello world!\n-> No matching step definition found for the step. Use the following code to create one:\n        [When(@\"I type hello world!\")]\n        public void WhenITypeHelloWorld()\n        {\n            _scenarioContext.Pending();\n        }\n\nThen hello world! is displayed\n-> No matching step definition found for the step. Use the following code to create one:\n        [Then(@\"hello world! is displayed\")]\n        public void ThenHelloWorldIsDisplayed()\n        {\n            _scenarioContext.Pending();\n        }\n\n"}}
TpTrace Verbose: 0 : 20048, 11, 2024/06/06, 17:14:27.678, 21604836727333, vstest.console.dll, TestRunRequest:SendTestRunMessage: Starting.
TpTrace Verbose: 0 : 20048, 11, 2024/06/06, 17:14:27.678, 21604836794458, vstest.console.dll, MulticastDelegateUtilities.SafeInvoke: TestRun.LogMessages: Invoking callback 1/1 for Microsoft.VisualStudio.TestPlatform.CommandLine.TestRunResultAggregator., took 0 ms.
TpTrace Verbose: 0 : 20048, 4, 2024/06/06, 17:14:27.678, 21604836816833, vstest.console.dll, MulticastDelegateUtilities.SafeInvoke: InternalTestLoggerEvents.SendTestRunMessage: Invoking callback 1/1 for Microsoft.VisualStudio.TestPlatform.CommandLine.Internal.ConsoleLogger., took 0 ms.
TpTrace Information: 0 : 20048, 11, 2024/06/06, 17:14:27.678, 21604836819875, vstest.console.dll, TestRunRequest:SendTestRunMessage: Completed.
TpTrace Verbose: 0 : 20048, 11, 2024/06/06, 17:14:27.678, 21604836852416, vstest.console.dll, MulticastDelegateUtilities.SafeInvoke: LengthPrefixCommunicationChannel: MessageReceived: Invoking callback 1/1 for Microsoft.VisualStudio.TestPlatform.CommunicationUtilities.TestRequestSender+<>c__DisplayClass34_0., took 0 ms.
TpTrace Verbose: 0 : 20048, 11, 2024/06/06, 17:14:27.678, 21604836870958, vstest.console.dll, TcpClientExtensions.MessageLoopAsync: Polling on remoteEndPoint: 127.0.0.1:50719 localEndPoint: 127.0.0.1:50718 after 425 ms
TpTrace Verbose: 0 : 20048, 11, 2024/06/06, 17:14:27.684, 21604843354958, vstest.console.dll, TcpClientExtensions.MessageLoopAsync: NotifyDataAvailable remoteEndPoint: 127.0.0.1:50719 localEndPoint: 127.0.0.1:50718
TpTrace Verbose: 0 : 20048, 11, 2024/06/06, 17:14:27.684, 21604843482583, vstest.console.dll, TestRequestSender.OnExecutionMessageReceived: Received message: {"Version":2,"MessageType":"TestExecution.StatsChange","Payload":{"NewTestResults":[{"TestCase":{"Id":"a1c3a866-d017-c3e5-4f5e-130dc7fca386","FullyQualifiedName":"WordPadTesting.Features.TypeTextFeature.CheckTextContent(\"hello world!\",null)","DisplayName":"CheckTextContent(\"hello world!\",null)","ExecutorUri":"executor://NUnit3TestExecutor","Source":"/Users/anatoliiyakubyshyn/Documents/Solvd/net/specflow/ExcelTesting/bin/Debug/net8.0/WordPadTesting.dll","CodeFilePath":null,"LineNumber":0,"Properties":[]},"Attachments":[],"Outcome":2,"ErrorMessage":"No matching step definition found for one or more steps.\nusing System;\nusing TechTalk.SpecFlow;\n\nnamespace MyNamespace\n{\n    [Binding]\n    public class StepDefinitions\n    {\n        private readonly ScenarioContext _scenarioContext;\n\n        public StepDefinitions(ScenarioContext scenarioContext)\n        {\n            _scenarioContext = scenarioContext;\n        }\n        [Given(@\"I am on document page with clean document\")]\n        public void GivenIAmOnDocumentPageWithCleanDocument()\n        {\n            _scenarioContext.Pending();\n        }\n        \n        [When(@\"I type hello world!\")]\n        public void WhenITypeHelloWorld()\n        {\n            _scenarioContext.Pending();\n        }\n        \n        [Then(@\"hello world! is displayed\")]\n        public void ThenHelloWorldIsDisplayed()\n        {\n            _scenarioContext.Pending();\n        }\n    }\n}\n\nTearDown : OpenQA.Selenium.WebDriverException : Currently selected window has been closed","ErrorStackTrace":"   at TechTalk.SpecFlow.NUnit.SpecFlowPlugin.NUnitRuntimeProvider.TestInconclusive(String message)\n   at TechTalk.SpecFlow.NUnit.SpecFlowPlugin.NUnitRuntimeProvider.TestPending(String message)\n   at TechTalk.SpecFlow.ErrorHandling.ErrorProvider.ThrowPendingError(ScenarioExecutionStatus testStatus, String message)\n   at TechTalk.SpecFlow.Infrastructure.TestExecutionEngine.OnAfterLastStep()\n   at TechTalk.SpecFlow.TestRunner.CollectScenarioErrors()\n   at WordPadTesting.Features.TypeTextFeature.ScenarioCleanup()\n   at WordPadTesting.Features.TypeTextFeature.CheckTextContent(String text, String[] exampleTags) in /Users/anatoliiyakubyshyn/Documents/Solvd/net/specflow/ExcelTesting/Features/type_text.feature:line 5\n\n--TearDown\n   at OpenQA.Selenium.Remote.RemoteWebDriver.UnpackAndThrowOnError(Response errorResponse)\n   at OpenQA.Selenium.Remote.RemoteWebDriver.Execute(String driverCommandToExecute, Dictionary`2 parameters)\n   at OpenQA.Selenium.Appium.AppiumDriver`1.Execute(String driverCommandToExecute, Dictionary`2 parameters)\n   at OpenQA.Selenium.Remote.RemoteWebDriver.FindElement(String mechanism, String value)\n   at OpenQA.Selenium.Appium.AppiumDriver`1.FindElementByName(String name)\n   at WordPadTesting.Hooks.Hooks.TearDown() in /Users/anatoliiyakubyshyn/Documents/Solvd/net/specflow/ExcelTesting/Hooks/Hook.cs:line 30\n   at System.RuntimeMethodHandle.InvokeMethod(Object target, Void** arguments, Signature sig, Boolean isConstructor)\n   at System.Reflection.MethodBaseInvoker.InvokeDirectByRefWithFewArgs(Object obj, Span`1 copyOfArgs, BindingFlags invokeAttr)\n   at TechTalk.SpecFlow.Infrastructure.TestExecutionEngine.FireEvents(HookType hookType)\n   at TechTalk.SpecFlow.Infrastructure.TestExecutionEngine.FireScenarioEvents(HookType bindingEvent)\n   at TechTalk.SpecFlow.Infrastructure.TestExecutionEngine.OnScenarioEnd()\n   at TechTalk.SpecFlow.TestRunner.OnScenarioEnd()\n   at WordPadTesting.Features.TypeTextFeature.TestTearDown()\n   at System.RuntimeMethodHandle.InvokeMethod(Object target, Void** arguments, Signature sig, Boolean isConstructor)\n   at System.Reflection.MethodBaseInvoker.InvokeWithNoArgs(Object obj, BindingFlags invokeAttr)","DisplayName":"CheckTextContent(\"hello world!\",null)","Messages":[{"Category":"StdOutMsgs","Text":"Given I am on document page with clean document\n-> No matching step definition found for the step. Use the following code to create one:\n        [Given(@\"I am on document page with clean document\")]\n        public void GivenIAmOnDocumentPageWithCleanDocument()\n        {\n            _scenarioContext.Pending();\n        }\n\nWhen I type hello world!\n-> No matching step definition found for the step. Use the following code to create one:\n        [When(@\"I type hello world!\")]\n        public void WhenITypeHelloWorld()\n        {\n            _scenarioContext.Pending();\n        }\n\nThen hello world! is displayed\n-> No matching step definition found for the step. Use the following code to create one:\n        [Then(@\"hello world! is displayed\")]\n        public void ThenHelloWorldIsDisplayed()\n        {\n            _scenarioContext.Pending();\n        }\n\n"}],"ComputerName":"Anatoliis-MacBook-Pro","Duration":"00:00:11.4424730","StartTime":"2024-06-06T14:14:16.216603+00:00","EndTime":"2024-06-06T14:14:27.659018+00:00","Properties":[]}],"TestRunStatistics":{"ExecutedTests":1,"Stats":{"Failed":1}},"ActiveTests":[{"Id":"1fed7942-8f50-9d2f-694e-bca521debd4b","FullyQualifiedName":"WordPadTesting.Features.TypeTextFeature.CheckTextContent(\"good bye\",null)","DisplayName":"CheckTextContent(\"good bye\",null)","ExecutorUri":"executor://NUnit3TestExecutor","Source":"/Users/anatoliiyakubyshyn/Documents/Solvd/net/specflow/ExcelTesting/bin/Debug/net8.0/WordPadTesting.dll","CodeFilePath":null,"LineNumber":0,"Properties":[]}]}}
TpTrace Verbose: 0 : 20048, 11, 2024/06/06, 17:14:27.689, 21604848341333, vstest.console.dll, TestRunRequest:SendTestRunStatsChange: Starting.
TpTrace Verbose: 0 : 20048, 11, 2024/06/06, 17:14:27.689, 21604848399708, vstest.console.dll, InProgress is CheckTextContent("good bye",null)
TpTrace Verbose: 0 : 20048, 11, 2024/06/06, 17:14:27.689, 21604848503083, vstest.console.dll, MulticastDelegateUtilities.SafeInvoke: TestRun.RunStatsChanged: Invoking callbacks was skipped because there are no subscribers.
TpTrace Information: 0 : 20048, 11, 2024/06/06, 17:14:27.689, 21604848528958, vstest.console.dll, TestRunRequest:SendTestRunStatsChange: Completed.
TpTrace Verbose: 0 : 20048, 11, 2024/06/06, 17:14:27.689, 21604848545000, vstest.console.dll, MulticastDelegateUtilities.SafeInvoke: LengthPrefixCommunicationChannel: MessageReceived: Invoking callback 1/1 for Microsoft.VisualStudio.TestPlatform.CommunicationUtilities.TestRequestSender+<>c__DisplayClass34_0., took 5 ms.
TpTrace Verbose: 0 : 20048, 11, 2024/06/06, 17:14:27.689, 21604848560833, vstest.console.dll, TcpClientExtensions.MessageLoopAsync: Polling on remoteEndPoint: 127.0.0.1:50719 localEndPoint: 127.0.0.1:50718 after 11 ms
TpTrace Verbose: 0 : 20048, 4, 2024/06/06, 17:14:27.693, 21604851784708, vstest.console.dll, MulticastDelegateUtilities.SafeInvoke: InternalTestLoggerEvents.SendTestResult: Invoking callback 1/1 for Microsoft.VisualStudio.TestPlatform.CommandLine.Internal.ConsoleLogger., took 3 ms.
TpTrace Verbose: 0 : 20048, 11, 2024/06/06, 17:14:28.690, 21605849729458, vstest.console.dll, TcpClientExtensions.MessageLoopAsync: Polling on remoteEndPoint: 127.0.0.1:50719 localEndPoint: 127.0.0.1:50718 after 1001 ms
TpTrace Verbose: 0 : 20048, 11, 2024/06/06, 17:14:29.692, 21606851104625, vstest.console.dll, TcpClientExtensions.MessageLoopAsync: Polling on remoteEndPoint: 127.0.0.1:50719 localEndPoint: 127.0.0.1:50718 after 1001 ms
TpTrace Verbose: 0 : 20048, 11, 2024/06/06, 17:14:30.694, 21607852763125, vstest.console.dll, TcpClientExtensions.MessageLoopAsync: Polling on remoteEndPoint: 127.0.0.1:50719 localEndPoint: 127.0.0.1:50718 after 1001 ms
TpTrace Verbose: 0 : 20048, 11, 2024/06/06, 17:14:31.695, 21608854106458, vstest.console.dll, TcpClientExtensions.MessageLoopAsync: Polling on remoteEndPoint: 127.0.0.1:50719 localEndPoint: 127.0.0.1:50718 after 1000 ms
TpTrace Verbose: 0 : 20048, 11, 2024/06/06, 17:14:32.696, 21609854861541, vstest.console.dll, TcpClientExtensions.MessageLoopAsync: Polling on remoteEndPoint: 127.0.0.1:50719 localEndPoint: 127.0.0.1:50718 after 1000 ms
TpTrace Verbose: 0 : 20048, 11, 2024/06/06, 17:14:33.697, 21610855862625, vstest.console.dll, TcpClientExtensions.MessageLoopAsync: Polling on remoteEndPoint: 127.0.0.1:50719 localEndPoint: 127.0.0.1:50718 after 1000 ms
TpTrace Verbose: 0 : 20048, 11, 2024/06/06, 17:14:34.698, 21611857352291, vstest.console.dll, TcpClientExtensions.MessageLoopAsync: Polling on remoteEndPoint: 127.0.0.1:50719 localEndPoint: 127.0.0.1:50718 after 1001 ms
TpTrace Verbose: 0 : 20048, 11, 2024/06/06, 17:14:35.700, 21612858941500, vstest.console.dll, TcpClientExtensions.MessageLoopAsync: Polling on remoteEndPoint: 127.0.0.1:50719 localEndPoint: 127.0.0.1:50718 after 1001 ms
TpTrace Verbose: 0 : 20048, 11, 2024/06/06, 17:14:36.701, 21613859837291, vstest.console.dll, TcpClientExtensions.MessageLoopAsync: Polling on remoteEndPoint: 127.0.0.1:50719 localEndPoint: 127.0.0.1:50718 after 1000 ms
TpTrace Verbose: 0 : 20048, 11, 2024/06/06, 17:14:37.702, 21614861449375, vstest.console.dll, TcpClientExtensions.MessageLoopAsync: Polling on remoteEndPoint: 127.0.0.1:50719 localEndPoint: 127.0.0.1:50718 after 1001 ms
TpTrace Verbose: 0 : 20048, 11, 2024/06/06, 17:14:38.704, 21615862793666, vstest.console.dll, TcpClientExtensions.MessageLoopAsync: Polling on remoteEndPoint: 127.0.0.1:50719 localEndPoint: 127.0.0.1:50718 after 1001 ms
TpTrace Verbose: 0 : 20048, 11, 2024/06/06, 17:14:38.915, 21616074081875, vstest.console.dll, TcpClientExtensions.MessageLoopAsync: NotifyDataAvailable remoteEndPoint: 127.0.0.1:50719 localEndPoint: 127.0.0.1:50718
TpTrace Verbose: 0 : 20048, 11, 2024/06/06, 17:14:38.915, 21616074419708, vstest.console.dll, TestRequestSender.OnExecutionMessageReceived: Received message: {"Version":2,"MessageType":"TestSession.Message","Payload":{"MessageLevel":0,"Message":"Given I am on document page with clean document\n-> No matching step definition found for the step. Use the following code to create one:\n        [Given(@\"I am on document page with clean document\")]\n        public void GivenIAmOnDocumentPageWithCleanDocument()\n        {\n            _scenarioContext.Pending();\n        }\n\nWhen I type good bye\n-> No matching step definition found for the step. Use the following code to create one:\n        [When(@\"I type good bye\")]\n        public void WhenITypeGoodBye()\n        {\n            _scenarioContext.Pending();\n        }\n\nThen good bye is displayed\n-> No matching step definition found for the step. Use the following code to create one:\n        [Then(@\"good bye is displayed\")]\n        public void ThenGoodByeIsDisplayed()\n        {\n            _scenarioContext.Pending();\n        }\n\n"}}
TpTrace Verbose: 0 : 20048, 11, 2024/06/06, 17:14:38.915, 21616074706833, vstest.console.dll, TestRunRequest:SendTestRunMessage: Starting.
TpTrace Verbose: 0 : 20048, 11, 2024/06/06, 17:14:38.916, 21616074784750, vstest.console.dll, MulticastDelegateUtilities.SafeInvoke: TestRun.LogMessages: Invoking callback 1/1 for Microsoft.VisualStudio.TestPlatform.CommandLine.TestRunResultAggregator., took 0 ms.
TpTrace Information: 0 : 20048, 11, 2024/06/06, 17:14:38.916, 21616074813750, vstest.console.dll, TestRunRequest:SendTestRunMessage: Completed.
TpTrace Verbose: 0 : 20048, 4, 2024/06/06, 17:14:38.916, 21616074817333, vstest.console.dll, MulticastDelegateUtilities.SafeInvoke: InternalTestLoggerEvents.SendTestRunMessage: Invoking callback 1/1 for Microsoft.VisualStudio.TestPlatform.CommandLine.Internal.ConsoleLogger., took 0 ms.
TpTrace Verbose: 0 : 20048, 11, 2024/06/06, 17:14:38.916, 21616074840625, vstest.console.dll, MulticastDelegateUtilities.SafeInvoke: LengthPrefixCommunicationChannel: MessageReceived: Invoking callback 1/1 for Microsoft.VisualStudio.TestPlatform.CommunicationUtilities.TestRequestSender+<>c__DisplayClass34_0., took 0 ms.
TpTrace Verbose: 0 : 20048, 11, 2024/06/06, 17:14:38.916, 21616074958041, vstest.console.dll, TcpClientExtensions.MessageLoopAsync: Polling on remoteEndPoint: 127.0.0.1:50719 localEndPoint: 127.0.0.1:50718 after 211 ms
TpTrace Verbose: 0 : 20048, 11, 2024/06/06, 17:14:38.916, 21616075649083, vstest.console.dll, TcpClientExtensions.MessageLoopAsync: NotifyDataAvailable remoteEndPoint: 127.0.0.1:50719 localEndPoint: 127.0.0.1:50718
TpTrace Verbose: 0 : 20048, 11, 2024/06/06, 17:14:38.917, 21616075934041, vstest.console.dll, TestRequestSender.OnExecutionMessageReceived: Received message: {"Version":2,"MessageType":"TestExecution.StatsChange","Payload":{"NewTestResults":[{"TestCase":{"Id":"1fed7942-8f50-9d2f-694e-bca521debd4b","FullyQualifiedName":"WordPadTesting.Features.TypeTextFeature.CheckTextContent(\"good bye\",null)","DisplayName":"CheckTextContent(\"good bye\",null)","ExecutorUri":"executor://NUnit3TestExecutor","Source":"/Users/anatoliiyakubyshyn/Documents/Solvd/net/specflow/ExcelTesting/bin/Debug/net8.0/WordPadTesting.dll","CodeFilePath":null,"LineNumber":0,"Properties":[]},"Attachments":[],"Outcome":2,"ErrorMessage":"No matching step definition found for one or more steps.\nusing System;\nusing TechTalk.SpecFlow;\n\nnamespace MyNamespace\n{\n    [Binding]\n    public class StepDefinitions\n    {\n        private readonly ScenarioContext _scenarioContext;\n\n        public StepDefinitions(ScenarioContext scenarioContext)\n        {\n            _scenarioContext = scenarioContext;\n        }\n        [Given(@\"I am on document page with clean document\")]\n        public void GivenIAmOnDocumentPageWithCleanDocument()\n        {\n            _scenarioContext.Pending();\n        }\n        \n        [When(@\"I type good bye\")]\n        public void WhenITypeGoodBye()\n        {\n            _scenarioContext.Pending();\n        }\n        \n        [Then(@\"good bye is displayed\")]\n        public void ThenGoodByeIsDisplayed()\n        {\n            _scenarioContext.Pending();\n        }\n    }\n}\n\nTearDown : OpenQA.Selenium.WebDriverException : Currently selected window has been closed","ErrorStackTrace":"   at TechTalk.SpecFlow.NUnit.SpecFlowPlugin.NUnitRuntimeProvider.TestInconclusive(String message)\n   at TechTalk.SpecFlow.NUnit.SpecFlowPlugin.NUnitRuntimeProvider.TestPending(String message)\n   at TechTalk.SpecFlow.ErrorHandling.ErrorProvider.ThrowPendingError(ScenarioExecutionStatus testStatus, String message)\n   at TechTalk.SpecFlow.Infrastructure.TestExecutionEngine.OnAfterLastStep()\n   at TechTalk.SpecFlow.TestRunner.CollectScenarioErrors()\n   at WordPadTesting.Features.TypeTextFeature.ScenarioCleanup()\n   at WordPadTesting.Features.TypeTextFeature.CheckTextContent(String text, String[] exampleTags) in /Users/anatoliiyakubyshyn/Documents/Solvd/net/specflow/ExcelTesting/Features/type_text.feature:line 5\n   at InvokeStub_TypeTextFeature.CheckTextContent(Object, Span`1)\n\n--TearDown\n   at OpenQA.Selenium.Remote.RemoteWebDriver.UnpackAndThrowOnError(Response errorResponse)\n   at OpenQA.Selenium.Remote.RemoteWebDriver.Execute(String driverCommandToExecute, Dictionary`2 parameters)\n   at OpenQA.Selenium.Appium.AppiumDriver`1.Execute(String driverCommandToExecute, Dictionary`2 parameters)\n   at OpenQA.Selenium.Remote.RemoteWebDriver.FindElement(String mechanism, String value)\n   at OpenQA.Selenium.Appium.AppiumDriver`1.FindElementByName(String name)\n   at WordPadTesting.Hooks.Hooks.TearDown() in /Users/anatoliiyakubyshyn/Documents/Solvd/net/specflow/ExcelTesting/Hooks/Hook.cs:line 30\n   at InvokeStub_Action`1.Invoke(Object, Span`1)\n   at System.Reflection.MethodBaseInvoker.InvokeWithOneArg(Object obj, BindingFlags invokeAttr, Binder binder, Object[] parameters, CultureInfo culture)\n   at TechTalk.SpecFlow.Infrastructure.TestExecutionEngine.FireEvents(HookType hookType)\n   at TechTalk.SpecFlow.Infrastructure.TestExecutionEngine.FireScenarioEvents(HookType bindingEvent)\n   at TechTalk.SpecFlow.Infrastructure.TestExecutionEngine.OnScenarioEnd()\n   at TechTalk.SpecFlow.TestRunner.OnScenarioEnd()\n   at WordPadTesting.Features.TypeTextFeature.TestTearDown()\n   at InvokeStub_TypeTextFeature.TestTearDown(Object, Object, IntPtr*)\n   at System.Reflection.MethodBaseInvoker.InvokeWithNoArgs(Object obj, BindingFlags invokeAttr)","DisplayName":"CheckTextContent(\"good bye\",null)","Messages":[{"Category":"StdOutMsgs","Text":"Given I am on document page with clean document\n-> No matching step definition found for the step. Use the following code to create one:\n        [Given(@\"I am on document page with clean document\")]\n        public void GivenIAmOnDocumentPageWithCleanDocument()\n        {\n            _scenarioContext.Pending();\n        }\n\nWhen I type good bye\n-> No matching step definition found for the step. Use the following code to create one:\n        [When(@\"I type good bye\")]\n        public void WhenITypeGoodBye()\n        {\n            _scenarioContext.Pending();\n        }\n\nThen good bye is displayed\n-> No matching step definition found for the step. Use the following code to create one:\n        [Then(@\"good bye is displayed\")]\n        public void ThenGoodByeIsDisplayed()\n        {\n            _scenarioContext.Pending();\n        }\n\n"}],"ComputerName":"Anatoliis-MacBook-Pro","Duration":"00:00:11.2541660","StartTime":"2024-06-06T14:14:27.659577+00:00","EndTime":"2024-06-06T14:14:38.913688+00:00","Properties":[]}],"TestRunStatistics":{"ExecutedTests":2,"Stats":{"Failed":2}},"ActiveTests":[{"Id":"8246fb47-091d-ca7d-226f-e3a68d2c2a24","FullyQualifiedName":"WordPadTesting.Features.TypeTextFeature.CheckTextContent(\"Hello\",null)","DisplayName":"CheckTextContent(\"Hello\",null)","ExecutorUri":"executor://NUnit3TestExecutor","Source":"/Users/anatoliiyakubyshyn/Documents/Solvd/net/specflow/ExcelTesting/bin/Debug/net8.0/WordPadTesting.dll","CodeFilePath":null,"LineNumber":0,"Properties":[]}]}}
TpTrace Verbose: 0 : 20048, 11, 2024/06/06, 17:14:38.918, 21616077437083, vstest.console.dll, TestRunRequest:SendTestRunStatsChange: Starting.
TpTrace Verbose: 0 : 20048, 11, 2024/06/06, 17:14:38.918, 21616077475166, vstest.console.dll, InProgress is CheckTextContent("Hello",null)
TpTrace Verbose: 0 : 20048, 11, 2024/06/06, 17:14:38.918, 21616077549541, vstest.console.dll, MulticastDelegateUtilities.SafeInvoke: TestRun.RunStatsChanged: Invoking callbacks was skipped because there are no subscribers.
TpTrace Information: 0 : 20048, 11, 2024/06/06, 17:14:38.918, 21616077576291, vstest.console.dll, TestRunRequest:SendTestRunStatsChange: Completed.
TpTrace Verbose: 0 : 20048, 11, 2024/06/06, 17:14:38.918, 21616077598583, vstest.console.dll, MulticastDelegateUtilities.SafeInvoke: LengthPrefixCommunicationChannel: MessageReceived: Invoking callback 1/1 for Microsoft.VisualStudio.TestPlatform.CommunicationUtilities.TestRequestSender+<>c__DisplayClass34_0., took 1 ms.
TpTrace Verbose: 0 : 20048, 11, 2024/06/06, 17:14:38.918, 21616077623208, vstest.console.dll, TcpClientExtensions.MessageLoopAsync: Polling on remoteEndPoint: 127.0.0.1:50719 localEndPoint: 127.0.0.1:50718 after 2 ms
TpTrace Verbose: 0 : 20048, 4, 2024/06/06, 17:14:38.920, 21616078902000, vstest.console.dll, MulticastDelegateUtilities.SafeInvoke: InternalTestLoggerEvents.SendTestResult: Invoking callback 1/1 for Microsoft.VisualStudio.TestPlatform.CommandLine.Internal.ConsoleLogger., took 1 ms.
TpTrace Verbose: 0 : 20048, 11, 2024/06/06, 17:14:39.919, 21617077845958, vstest.console.dll, TcpClientExtensions.MessageLoopAsync: Polling on remoteEndPoint: 127.0.0.1:50719 localEndPoint: 127.0.0.1:50718 after 1000 ms
TpTrace Verbose: 0 : 20048, 11, 2024/06/06, 17:14:40.920, 21618079008916, vstest.console.dll, TcpClientExtensions.MessageLoopAsync: Polling on remoteEndPoint: 127.0.0.1:50719 localEndPoint: 127.0.0.1:50718 after 1001 ms
TpTrace Verbose: 0 : 20048, 11, 2024/06/06, 17:14:41.921, 21619080210625, vstest.console.dll, TcpClientExtensions.MessageLoopAsync: Polling on remoteEndPoint: 127.0.0.1:50719 localEndPoint: 127.0.0.1:50718 after 1001 ms
TpTrace Verbose: 0 : 20048, 11, 2024/06/06, 17:14:42.922, 21620081473541, vstest.console.dll, TcpClientExtensions.MessageLoopAsync: Polling on remoteEndPoint: 127.0.0.1:50719 localEndPoint: 127.0.0.1:50718 after 1001 ms
TpTrace Verbose: 0 : 20048, 11, 2024/06/06, 17:14:43.924, 21621082864250, vstest.console.dll, TcpClientExtensions.MessageLoopAsync: Polling on remoteEndPoint: 127.0.0.1:50719 localEndPoint: 127.0.0.1:50718 after 1001 ms
TpTrace Verbose: 0 : 20048, 11, 2024/06/06, 17:14:44.925, 21622084235333, vstest.console.dll, TcpClientExtensions.MessageLoopAsync: Polling on remoteEndPoint: 127.0.0.1:50719 localEndPoint: 127.0.0.1:50718 after 1001 ms
TpTrace Verbose: 0 : 20048, 11, 2024/06/06, 17:14:45.926, 21623085506708, vstest.console.dll, TcpClientExtensions.MessageLoopAsync: Polling on remoteEndPoint: 127.0.0.1:50719 localEndPoint: 127.0.0.1:50718 after 1001 ms
TpTrace Verbose: 0 : 20048, 11, 2024/06/06, 17:14:46.927, 21624086691833, vstest.console.dll, TcpClientExtensions.MessageLoopAsync: Polling on remoteEndPoint: 127.0.0.1:50719 localEndPoint: 127.0.0.1:50718 after 1000 ms
TpTrace Verbose: 0 : 20048, 11, 2024/06/06, 17:14:47.929, 21625088136916, vstest.console.dll, TcpClientExtensions.MessageLoopAsync: Polling on remoteEndPoint: 127.0.0.1:50719 localEndPoint: 127.0.0.1:50718 after 1001 ms
TpTrace Verbose: 0 : 20048, 11, 2024/06/06, 17:14:48.930, 21626088933583, vstest.console.dll, TcpClientExtensions.MessageLoopAsync: Polling on remoteEndPoint: 127.0.0.1:50719 localEndPoint: 127.0.0.1:50718 after 1000 ms
TpTrace Verbose: 0 : 20048, 11, 2024/06/06, 17:14:49.931, 21627090522625, vstest.console.dll, TcpClientExtensions.MessageLoopAsync: Polling on remoteEndPoint: 127.0.0.1:50719 localEndPoint: 127.0.0.1:50718 after 1001 ms
TpTrace Verbose: 0 : 20048, 11, 2024/06/06, 17:14:50.932, 21628091299625, vstest.console.dll, TcpClientExtensions.MessageLoopAsync: Polling on remoteEndPoint: 127.0.0.1:50719 localEndPoint: 127.0.0.1:50718 after 1000 ms
TpTrace Verbose: 0 : 20048, 11, 2024/06/06, 17:14:51.933, 21629092494458, vstest.console.dll, TcpClientExtensions.MessageLoopAsync: Polling on remoteEndPoint: 127.0.0.1:50719 localEndPoint: 127.0.0.1:50718 after 1001 ms
TpTrace Verbose: 0 : 20048, 11, 2024/06/06, 17:14:52.934, 21630093707208, vstest.console.dll, TcpClientExtensions.MessageLoopAsync: Polling on remoteEndPoint: 127.0.0.1:50719 localEndPoint: 127.0.0.1:50718 after 1001 ms
TpTrace Verbose: 0 : 20048, 11, 2024/06/06, 17:14:53.936, 21631095307208, vstest.console.dll, TcpClientExtensions.MessageLoopAsync: Polling on remoteEndPoint: 127.0.0.1:50719 localEndPoint: 127.0.0.1:50718 after 1001 ms
TpTrace Verbose: 0 : 20048, 11, 2024/06/06, 17:14:54.938, 21632096943208, vstest.console.dll, TcpClientExtensions.MessageLoopAsync: Polling on remoteEndPoint: 127.0.0.1:50719 localEndPoint: 127.0.0.1:50718 after 1001 ms
TpTrace Verbose: 0 : 20048, 11, 2024/06/06, 17:14:55.939, 21633098432166, vstest.console.dll, TcpClientExtensions.MessageLoopAsync: Polling on remoteEndPoint: 127.0.0.1:50719 localEndPoint: 127.0.0.1:50718 after 1001 ms
TpTrace Verbose: 0 : 20048, 11, 2024/06/06, 17:14:56.940, 21634099854416, vstest.console.dll, TcpClientExtensions.MessageLoopAsync: Polling on remoteEndPoint: 127.0.0.1:50719 localEndPoint: 127.0.0.1:50718 after 1001 ms
TpTrace Verbose: 0 : 20048, 11, 2024/06/06, 17:14:57.942, 21635101186916, vstest.console.dll, TcpClientExtensions.MessageLoopAsync: Polling on remoteEndPoint: 127.0.0.1:50719 localEndPoint: 127.0.0.1:50718 after 1001 ms
TpTrace Verbose: 0 : 20048, 11, 2024/06/06, 17:14:58.943, 21636102581500, vstest.console.dll, TcpClientExtensions.MessageLoopAsync: Polling on remoteEndPoint: 127.0.0.1:50719 localEndPoint: 127.0.0.1:50718 after 1001 ms
TpTrace Verbose: 0 : 20048, 11, 2024/06/06, 17:14:59.944, 21637103496875, vstest.console.dll, TcpClientExtensions.MessageLoopAsync: Polling on remoteEndPoint: 127.0.0.1:50719 localEndPoint: 127.0.0.1:50718 after 1000 ms
TpTrace Verbose: 0 : 20048, 11, 2024/06/06, 17:15:00.945, 21638104737041, vstest.console.dll, TcpClientExtensions.MessageLoopAsync: Polling on remoteEndPoint: 127.0.0.1:50719 localEndPoint: 127.0.0.1:50718 after 1001 ms
TpTrace Verbose: 0 : 20048, 11, 2024/06/06, 17:15:01.947, 21639106219625, vstest.console.dll, TcpClientExtensions.MessageLoopAsync: Polling on remoteEndPoint: 127.0.0.1:50719 localEndPoint: 127.0.0.1:50718 after 1001 ms
TpTrace Verbose: 0 : 20048, 11, 2024/06/06, 17:15:02.948, 21640107763166, vstest.console.dll, TcpClientExtensions.MessageLoopAsync: Polling on remoteEndPoint: 127.0.0.1:50719 localEndPoint: 127.0.0.1:50718 after 1001 ms
TpTrace Verbose: 0 : 20048, 11, 2024/06/06, 17:15:03.492, 21640651892583, vstest.console.dll, TcpClientExtensions.MessageLoopAsync: NotifyDataAvailable remoteEndPoint: 127.0.0.1:50719 localEndPoint: 127.0.0.1:50718
TpTrace Verbose: 0 : 20048, 11, 2024/06/06, 17:15:03.493, 21640652179833, vstest.console.dll, TestRequestSender.OnExecutionMessageReceived: Received message: {"Version":2,"MessageType":"TestSession.Message","Payload":{"MessageLevel":0,"Message":"Given I am on document page with clean document\n-> No matching step definition found for the step. Use the following code to create one:\n        [Given(@\"I am on document page with clean document\")]\n        public void GivenIAmOnDocumentPageWithCleanDocument()\n        {\n            _scenarioContext.Pending();\n        }\n\nWhen I type Hello\n-> No matching step definition found for the step. Use the following code to create one:\n        [When(@\"I type Hello\")]\n        public void WhenITypeHello()\n        {\n            _scenarioContext.Pending();\n        }\n\nThen Hello is displayed\n-> No matching step definition found for the step. Use the following code to create one:\n        [Then(@\"Hello is displayed\")]\n        public void ThenHelloIsDisplayed()\n        {\n            _scenarioContext.Pending();\n        }\n\n"}}
TpTrace Verbose: 0 : 20048, 11, 2024/06/06, 17:15:03.493, 21640652461875, vstest.console.dll, TestRunRequest:SendTestRunMessage: Starting.
TpTrace Verbose: 0 : 20048, 11, 2024/06/06, 17:15:03.493, 21640652547416, vstest.console.dll, MulticastDelegateUtilities.SafeInvoke: TestRun.LogMessages: Invoking callback 1/1 for Microsoft.VisualStudio.TestPlatform.CommandLine.TestRunResultAggregator., took 0 ms.
TpTrace Information: 0 : 20048, 11, 2024/06/06, 17:15:03.493, 21640652570500, vstest.console.dll, TestRunRequest:SendTestRunMessage: Completed.
TpTrace Verbose: 0 : 20048, 4, 2024/06/06, 17:15:03.493, 21640652604666, vstest.console.dll, MulticastDelegateUtilities.SafeInvoke: InternalTestLoggerEvents.SendTestRunMessage: Invoking callback 1/1 for Microsoft.VisualStudio.TestPlatform.CommandLine.Internal.ConsoleLogger., took 0 ms.
TpTrace Verbose: 0 : 20048, 11, 2024/06/06, 17:15:03.493, 21640652793250, vstest.console.dll, MulticastDelegateUtilities.SafeInvoke: LengthPrefixCommunicationChannel: MessageReceived: Invoking callback 1/1 for Microsoft.VisualStudio.TestPlatform.CommunicationUtilities.TestRequestSender+<>c__DisplayClass34_0., took 0 ms.
TpTrace Verbose: 0 : 20048, 11, 2024/06/06, 17:15:03.494, 21640652924458, vstest.console.dll, TcpClientExtensions.MessageLoopAsync: Polling on remoteEndPoint: 127.0.0.1:50719 localEndPoint: 127.0.0.1:50718 after 544 ms
TpTrace Verbose: 0 : 20048, 11, 2024/06/06, 17:15:03.495, 21640654333041, vstest.console.dll, TcpClientExtensions.MessageLoopAsync: NotifyDataAvailable remoteEndPoint: 127.0.0.1:50719 localEndPoint: 127.0.0.1:50718
TpTrace Verbose: 0 : 20048, 11, 2024/06/06, 17:15:03.495, 21640654410791, vstest.console.dll, TestRequestSender.OnExecutionMessageReceived: Received message: {"Version":2,"MessageType":"TestSession.Message","Payload":{"MessageLevel":1,"Message":"Setup failed for test fixture WordPadTesting.Steps.WordPadStepDefinitions"}}
TpTrace Verbose: 0 : 20048, 11, 2024/06/06, 17:15:03.495, 21640654501916, vstest.console.dll, TestRunRequest:SendTestRunMessage: Starting.
TpTrace Verbose: 0 : 20048, 11, 2024/06/06, 17:15:03.495, 21640654553250, vstest.console.dll, MulticastDelegateUtilities.SafeInvoke: TestRun.LogMessages: Invoking callback 1/1 for Microsoft.VisualStudio.TestPlatform.CommandLine.TestRunResultAggregator., took 0 ms.
TpTrace Information: 0 : 20048, 11, 2024/06/06, 17:15:03.495, 21640654572416, vstest.console.dll, TestRunRequest:SendTestRunMessage: Completed.
TpTrace Verbose: 0 : 20048, 11, 2024/06/06, 17:15:03.495, 21640654589750, vstest.console.dll, MulticastDelegateUtilities.SafeInvoke: LengthPrefixCommunicationChannel: MessageReceived: Invoking callback 1/1 for Microsoft.VisualStudio.TestPlatform.CommunicationUtilities.TestRequestSender+<>c__DisplayClass34_0., took 0 ms.
TpTrace Verbose: 0 : 20048, 11, 2024/06/06, 17:15:03.495, 21640654608625, vstest.console.dll, TcpClientExtensions.MessageLoopAsync: Polling on remoteEndPoint: 127.0.0.1:50719 localEndPoint: 127.0.0.1:50718 after 1 ms
TpTrace Verbose: 0 : 20048, 11, 2024/06/06, 17:15:03.495, 21640654642416, vstest.console.dll, TcpClientExtensions.MessageLoopAsync: NotifyDataAvailable remoteEndPoint: 127.0.0.1:50719 localEndPoint: 127.0.0.1:50718
TpTrace Verbose: 0 : 20048, 11, 2024/06/06, 17:15:03.495, 21640654670791, vstest.console.dll, TestRequestSender.OnExecutionMessageReceived: Received message: {"Version":2,"MessageType":"TestSession.Message","Payload":{"MessageLevel":1,"Message":"No suitable constructor was found"}}
TpTrace Verbose: 0 : 20048, 11, 2024/06/06, 17:15:03.495, 21640654729833, vstest.console.dll, TestRunRequest:SendTestRunMessage: Starting.
TpTrace Verbose: 0 : 20048, 11, 2024/06/06, 17:15:03.495, 21640654760625, vstest.console.dll, MulticastDelegateUtilities.SafeInvoke: TestRun.LogMessages: Invoking callback 1/1 for Microsoft.VisualStudio.TestPlatform.CommandLine.TestRunResultAggregator., took 0 ms.
TpTrace Information: 0 : 20048, 11, 2024/06/06, 17:15:03.495, 21640654777666, vstest.console.dll, TestRunRequest:SendTestRunMessage: Completed.
TpTrace Verbose: 0 : 20048, 11, 2024/06/06, 17:15:03.495, 21640654793416, vstest.console.dll, MulticastDelegateUtilities.SafeInvoke: LengthPrefixCommunicationChannel: MessageReceived: Invoking callback 1/1 for Microsoft.VisualStudio.TestPlatform.CommunicationUtilities.TestRequestSender+<>c__DisplayClass34_0., took 0 ms.
TpTrace Verbose: 0 : 20048, 11, 2024/06/06, 17:15:03.495, 21640654810000, vstest.console.dll, TcpClientExtensions.MessageLoopAsync: Polling on remoteEndPoint: 127.0.0.1:50719 localEndPoint: 127.0.0.1:50718 after 0 ms
TpTrace Verbose: 0 : 20048, 4, 2024/06/06, 17:15:03.496, 21640655011666, vstest.console.dll, MulticastDelegateUtilities.SafeInvoke: InternalTestLoggerEvents.SendTestRunMessage: Invoking callback 1/1 for Microsoft.VisualStudio.TestPlatform.CommandLine.Internal.ConsoleLogger., took 0 ms.
TpTrace Verbose: 0 : 20048, 4, 2024/06/06, 17:15:03.496, 21640655125333, vstest.console.dll, MulticastDelegateUtilities.SafeInvoke: InternalTestLoggerEvents.SendTestRunMessage: Invoking callback 1/1 for Microsoft.VisualStudio.TestPlatform.CommandLine.Internal.ConsoleLogger., took 0 ms.
TpTrace Verbose: 0 : 20048, 11, 2024/06/06, 17:15:04.067, 21641226390000, vstest.console.dll, TcpClientExtensions.MessageLoopAsync: NotifyDataAvailable remoteEndPoint: 127.0.0.1:50719 localEndPoint: 127.0.0.1:50718
TpTrace Verbose: 0 : 20048, 11, 2024/06/06, 17:15:04.067, 21641226738666, vstest.console.dll, TestRequestSender.OnExecutionMessageReceived: Received message: {"Version":2,"MessageType":"TestSession.Message","Payload":{"MessageLevel":0,"Message":"NUnit Adapter 3.17.0.0: Test execution complete"}}
TpTrace Verbose: 0 : 20048, 11, 2024/06/06, 17:15:04.068, 21641226979625, vstest.console.dll, TestRunRequest:SendTestRunMessage: Starting.
TpTrace Verbose: 0 : 20048, 11, 2024/06/06, 17:15:04.068, 21641227075291, vstest.console.dll, MulticastDelegateUtilities.SafeInvoke: TestRun.LogMessages: Invoking callback 1/1 for Microsoft.VisualStudio.TestPlatform.CommandLine.TestRunResultAggregator., took 0 ms.
TpTrace Information: 0 : 20048, 11, 2024/06/06, 17:15:04.068, 21641227097333, vstest.console.dll, TestRunRequest:SendTestRunMessage: Completed.
TpTrace Verbose: 0 : 20048, 11, 2024/06/06, 17:15:04.068, 21641227112625, vstest.console.dll, MulticastDelegateUtilities.SafeInvoke: LengthPrefixCommunicationChannel: MessageReceived: Invoking callback 1/1 for Microsoft.VisualStudio.TestPlatform.CommunicationUtilities.TestRequestSender+<>c__DisplayClass34_0., took 0 ms.
TpTrace Verbose: 0 : 20048, 11, 2024/06/06, 17:15:04.068, 21641227136625, vstest.console.dll, TcpClientExtensions.MessageLoopAsync: Polling on remoteEndPoint: 127.0.0.1:50719 localEndPoint: 127.0.0.1:50718 after 572 ms
TpTrace Verbose: 0 : 20048, 4, 2024/06/06, 17:15:04.068, 21641227149833, vstest.console.dll, MulticastDelegateUtilities.SafeInvoke: InternalTestLoggerEvents.SendTestRunMessage: Invoking callback 1/1 for Microsoft.VisualStudio.TestPlatform.CommandLine.Internal.ConsoleLogger., took 0 ms.
TpTrace Verbose: 0 : 20048, 11, 2024/06/06, 17:15:04.080, 21641238978791, vstest.console.dll, TcpClientExtensions.MessageLoopAsync: NotifyDataAvailable remoteEndPoint: 127.0.0.1:50719 localEndPoint: 127.0.0.1:50718
TpTrace Verbose: 0 : 20048, 11, 2024/06/06, 17:15:04.080, 21641239285541, vstest.console.dll, TestRequestSender.OnExecutionMessageReceived: Received message: {"Version":2,"MessageType":"TestExecution.Completed","Payload":{"TestRunCompleteArgs":{"TestRunStatistics":{"ExecutedTests":3,"Stats":{"Failed":3}},"IsCanceled":false,"IsAborted":false,"Error":null,"AttachmentSets":[],"ElapsedTimeInRunningTests":"00:00:49.3330409","Metrics":{}},"LastRunTests":{"NewTestResults":[{"TestCase":{"Id":"8246fb47-091d-ca7d-226f-e3a68d2c2a24","FullyQualifiedName":"WordPadTesting.Features.TypeTextFeature.CheckTextContent(\"Hello\",null)","DisplayName":"CheckTextContent(\"Hello\",null)","ExecutorUri":"executor://NUnit3TestExecutor","Source":"/Users/anatoliiyakubyshyn/Documents/Solvd/net/specflow/ExcelTesting/bin/Debug/net8.0/WordPadTesting.dll","CodeFilePath":null,"LineNumber":0,"Properties":[]},"Attachments":[],"Outcome":2,"ErrorMessage":"No matching step definition found for one or more steps.\nusing System;\nusing TechTalk.SpecFlow;\n\nnamespace MyNamespace\n{\n    [Binding]\n    public class StepDefinitions\n    {\n        private readonly ScenarioContext _scenarioContext;\n\n        public StepDefinitions(ScenarioContext scenarioContext)\n        {\n            _scenarioContext = scenarioContext;\n        }\n        [Given(@\"I am on document page with clean document\")]\n        public void GivenIAmOnDocumentPageWithCleanDocument()\n        {\n            _scenarioContext.Pending();\n        }\n        \n        [When(@\"I type Hello\")]\n        public void WhenITypeHello()\n        {\n            _scenarioContext.Pending();\n        }\n        \n        [Then(@\"Hello is displayed\")]\n        public void ThenHelloIsDisplayed()\n        {\n            _scenarioContext.Pending();\n        }\n    }\n}\n\nTearDown : OpenQA.Selenium.WebDriverException : An element could not be located on the page using the given search parameters.","ErrorStackTrace":"   at TechTalk.SpecFlow.NUnit.SpecFlowPlugin.NUnitRuntimeProvider.TestInconclusive(String message)\n   at TechTalk.SpecFlow.NUnit.SpecFlowPlugin.NUnitRuntimeProvider.TestPending(String message)\n   at TechTalk.SpecFlow.ErrorHandling.ErrorProvider.ThrowPendingError(ScenarioExecutionStatus testStatus, String message)\n   at TechTalk.SpecFlow.Infrastructure.TestExecutionEngine.OnAfterLastStep()\n   at TechTalk.SpecFlow.TestRunner.CollectScenarioErrors()\n   at WordPadTesting.Features.TypeTextFeature.ScenarioCleanup()\n   at WordPadTesting.Features.TypeTextFeature.CheckTextContent(String text, String[] exampleTags) in /Users/anatoliiyakubyshyn/Documents/Solvd/net/specflow/ExcelTesting/Features/type_text.feature:line 5\n   at InvokeStub_TypeTextFeature.CheckTextContent(Object, Span`1)\n\n--TearDown\n   at OpenQA.Selenium.Remote.RemoteWebDriver.UnpackAndThrowOnError(Response errorResponse)\n   at OpenQA.Selenium.Remote.RemoteWebDriver.Execute(String driverCommandToExecute, Dictionary`2 parameters)\n   at OpenQA.Selenium.Appium.AppiumDriver`1.Execute(String driverCommandToExecute, Dictionary`2 parameters)\n   at OpenQA.Selenium.Remote.RemoteWebDriver.FindElement(String mechanism, String value)\n   at OpenQA.Selenium.Appium.AppiumDriver`1.FindElementByName(String name)\n   at WordPadTesting.Hooks.Hooks.TearDown() in /Users/anatoliiyakubyshyn/Documents/Solvd/net/specflow/ExcelTesting/Hooks/Hook.cs:line 30\n   at InvokeStub_Action`1.Invoke(Object, Span`1)\n   at System.Reflection.MethodBaseInvoker.InvokeWithOneArg(Object obj, BindingFlags invokeAttr, Binder binder, Object[] parameters, CultureInfo culture)\n   at TechTalk.SpecFlow.Infrastructure.TestExecutionEngine.FireEvents(HookType hookType)\n   at TechTalk.SpecFlow.Infrastructure.TestExecutionEngine.FireScenarioEvents(HookType bindingEvent)\n   at TechTalk.SpecFlow.Infrastructure.TestExecutionEngine.OnScenarioEnd()\n   at TechTalk.SpecFlow.TestRunner.OnScenarioEnd()\n   at WordPadTesting.Features.TypeTextFeature.TestTearDown()\n   at InvokeStub_TypeTextFeature.TestTearDown(Object, Object, IntPtr*)\n   at System.Reflection.MethodBaseInvoker.InvokeWithNoArgs(Object obj, BindingFlags invokeAttr)","DisplayName":"CheckTextContent(\"Hello\",null)","Messages":[{"Category":"StdOutMsgs","Text":"Given I am on document page with clean document\n-> No matching step definition found for the step. Use the following code to create one:\n        [Given(@\"I am on document page with clean document\")]\n        public void GivenIAmOnDocumentPageWithCleanDocument()\n        {\n            _scenarioContext.Pending();\n        }\n\nWhen I type Hello\n-> No matching step definition found for the step. Use the following code to create one:\n        [When(@\"I type Hello\")]\n        public void WhenITypeHello()\n        {\n            _scenarioContext.Pending();\n        }\n\nThen Hello is displayed\n-> No matching step definition found for the step. Use the following code to create one:\n        [Then(@\"Hello is displayed\")]\n        public void ThenHelloIsDisplayed()\n        {\n            _scenarioContext.Pending();\n        }\n\n"}],"ComputerName":"Anatoliis-MacBook-Pro","Duration":"00:00:24.5775410","StartTime":"2024-06-06T14:14:38.913783+00:00","EndTime":"2024-06-06T14:15:03.491202+00:00","Properties":[]}],"TestRunStatistics":{"ExecutedTests":3,"Stats":{"Failed":3}},"ActiveTests":[]},"RunAttachments":[],"ExecutorUris":["executor://nunit3testexecutor/"]}}
TpTrace Verbose: 0 : 20048, 11, 2024/06/06, 17:15:04.080, 21641239409750, vstest.console.dll, TestRequestSender.EndSession: Sending end session.
TpTrace Verbose: 0 : 20048, 11, 2024/06/06, 17:15:04.080, 21641239630666, vstest.console.dll, ProxyOperationManager.Close: waiting for test host to exit for 100 ms
TpTrace Verbose: 0 : 20048, 12, 2024/06/06, 17:15:04.095, 21641254600333, vstest.console.dll, TestHostManagerCallbacks.ctor: Experimental forwarding output is disabled.
TpTrace Warning: 0 : 20048, 12, 2024/06/06, 17:15:04.095, 21641254711583, vstest.console.dll, TestHostManagerCallbacks.ErrorReceivedCallback Test host standard error line: 
TpTrace Verbose: 0 : 20048, 14, 2024/06/06, 17:15:04.097, 21641256127000, vstest.console.dll, TestHostProvider.ExitCallBack: Host exited starting callback.
TpTrace Information: 0 : 20048, 14, 2024/06/06, 17:15:04.097, 21641256201250, vstest.console.dll, TestHostManagerCallbacks.ExitCallBack: Testhost processId: 20049 exited with exitcode: 0 error: ''
TpTrace Verbose: 0 : 20048, 14, 2024/06/06, 17:15:04.097, 21641256221750, vstest.console.dll, DotnetTestHostManager.OnHostExited: invoking OnHostExited callback
TpTrace Verbose: 0 : 20048, 14, 2024/06/06, 17:15:04.097, 21641256532375, vstest.console.dll, CrossPlatEngine.TestHostManagerHostExited: calling on client process exit callback.
TpTrace Information: 0 : 20048, 14, 2024/06/06, 17:15:04.097, 21641256590500, vstest.console.dll, TestRequestSender.OnClientProcessExit: Test host process exited. Standard error: 
TpTrace Information: 0 : 20048, 14, 2024/06/06, 17:15:04.097, 21641256616625, vstest.console.dll, SocketServer.Stop: Stop server endPoint: 127.0.0.1:50718
TpTrace Information: 0 : 20048, 14, 2024/06/06, 17:15:04.097, 21641256625083, vstest.console.dll, SocketServer.Stop: Cancellation requested. Stopping message loop.
TpTrace Information: 0 : 20048, 11, 2024/06/06, 17:15:04.097, 21641256673416, vstest.console.dll, SocketServer.Stop: Stop server endPoint: 127.0.0.1:50718
TpTrace Information: 0 : 20048, 11, 2024/06/06, 17:15:04.097, 21641256794416, vstest.console.dll, SocketServer.Stop: Cancellation requested. Stopping message loop.
TpTrace Verbose: 0 : 20048, 14, 2024/06/06, 17:15:04.097, 21641256722625, vstest.console.dll, MulticastDelegateUtilities.SafeInvoke: HostProviderEvents.OnHostExited: Invoking callback 1/1 for Microsoft.VisualStudio.TestPlatform.CrossPlatEngine.Client.ProxyOperationManager., took 0 ms.
TpTrace Information: 0 : 20048, 11, 2024/06/06, 17:15:04.097, 21641256824916, vstest.console.dll, Closing the connection
TpTrace Verbose: 0 : 20048, 11, 2024/06/06, 17:15:04.104, 21641263888708, vstest.console.dll, ParallelRunEventsHandler.HandleTestRunComplete: Handling a run completion, this can be either one part of parallel run completing, or the whole parallel run completing.
TpTrace Verbose: 0 : 20048, 11, 2024/06/06, 17:15:04.109, 21641268719458, vstest.console.dll, TestRunRequest:SendTestRunStatsChange: Starting.
TpTrace Verbose: 0 : 20048, 11, 2024/06/06, 17:15:04.109, 21641268783541, vstest.console.dll, MulticastDelegateUtilities.SafeInvoke: TestRun.RunStatsChanged: Invoking callbacks was skipped because there are no subscribers.
TpTrace Information: 0 : 20048, 11, 2024/06/06, 17:15:04.109, 21641268795791, vstest.console.dll, TestRunRequest:SendTestRunStatsChange: Completed.
TpTrace Verbose: 0 : 20048, 11, 2024/06/06, 17:15:04.110, 21641268974250, vstest.console.dll, ParallelProxyExecutionManager: HandlePartialRunComplete: Total workloads = 1, Total started clients = 1 Total completed clients = 1, Run complete = True, Run canceled: False.
TpTrace Verbose: 0 : 20048, 11, 2024/06/06, 17:15:04.110, 21641268986666, vstest.console.dll, ParallelProxyExecutionManager: HandlePartialRunComplete: All runs completed stopping all managers.
TpTrace Verbose: 0 : 20048, 11, 2024/06/06, 17:15:04.110, 21641269002000, vstest.console.dll, ParallelOperationManager.StopAllManagers: Stopping all managers.
TpTrace Verbose: 0 : 20048, 11, 2024/06/06, 17:15:04.110, 21641269012541, vstest.console.dll, ParallelOperationManager.ClearSlots: Clearing all slots. Slots should accept more work: False
TpTrace Verbose: 0 : 20048, 11, 2024/06/06, 17:15:04.110, 21641269032625, vstest.console.dll, ParallelOperationManager.SetOccupiedSlotCount: Setting slot counts AvailableSlotCount = 1, OccupiedSlotCount = 0.
TpTrace Verbose: 0 : 20048, 11, 2024/06/06, 17:15:04.110, 21641269052541, vstest.console.dll, Occupied slots:

TpTrace Verbose: 0 : 20048, 11, 2024/06/06, 17:15:04.110, 21641269059875, vstest.console.dll, ParallelRunEventsHandler.HandleTestRunComplete: Whole parallel run completed.
TpTrace Verbose: 0 : 20048, 4, 2024/06/06, 17:15:04.110, 21641269130916, vstest.console.dll, MulticastDelegateUtilities.SafeInvoke: InternalTestLoggerEvents.SendTestResult: Invoking callback 1/1 for Microsoft.VisualStudio.TestPlatform.CommandLine.Internal.ConsoleLogger., took 0 ms.
TpTrace Verbose: 0 : 20048, 4, 2024/06/06, 17:15:04.116, 21641275332500, vstest.console.dll, MulticastDelegateUtilities.SafeInvoke: InternalTestLoggerEvents.SendTestRunComplete: Invoking callback 1/1 for Microsoft.VisualStudio.TestPlatform.CommandLine.Internal.ConsoleLogger., took 3 ms.
TpTrace Verbose: 0 : 20048, 11, 2024/06/06, 17:15:04.116, 21641275523250, vstest.console.dll, TestRunRequest:TestRunComplete: Starting. IsAborted:False IsCanceled:False.
TpTrace Verbose: 0 : 20048, 11, 2024/06/06, 17:15:04.116, 21641275600916, vstest.console.dll, ParallelOperationManager.DoActionOnAllManagers: Calling an action on all managers.
TpTrace Verbose: 0 : 20048, 11, 2024/06/06, 17:15:04.117, 21641275994625, vstest.console.dll, TestLoggerManager.HandleTestRunComplete: Ignoring as the object is disposed.
TpTrace Verbose: 0 : 20048, 11, 2024/06/06, 17:15:04.117, 21641276206750, vstest.console.dll, MulticastDelegateUtilities.SafeInvoke: TestRun.TestRunComplete: Invoking callback 1/2 for Microsoft.VisualStudio.TestPlatform.CommandLine.TestRunResultAggregator., took 0 ms.
TpTrace Verbose: 0 : 20048, 11, 2024/06/06, 17:15:04.117, 21641276265041, vstest.console.dll, MulticastDelegateUtilities.SafeInvoke: TestRun.TestRunComplete: Invoking callback 2/2 for Microsoft.VisualStudio.TestPlatform.CommandLine.Processors.RunTestsArgumentExecutor+TestRunRequestEventsRegistrar., took 0 ms.
TpTrace Information: 0 : 20048, 11, 2024/06/06, 17:15:04.117, 21641276312166, vstest.console.dll, TestRunRequest:TestRunComplete: Completed.
TpTrace Verbose: 0 : 20048, 11, 2024/06/06, 17:15:04.117, 21641276325208, vstest.console.dll, TestRequestSender.SetOperationComplete: Setting operation complete.
TpTrace Information: 0 : 20048, 11, 2024/06/06, 17:15:04.117, 21641276333541, vstest.console.dll, SocketServer.Stop: Stop server endPoint: 127.0.0.1:50718
TpTrace Information: 0 : 20048, 11, 2024/06/06, 17:15:04.117, 21641276339708, vstest.console.dll, SocketServer.Stop: Cancellation requested. Stopping message loop.
TpTrace Verbose: 0 : 20048, 11, 2024/06/06, 17:15:04.117, 21641276348125, vstest.console.dll, MulticastDelegateUtilities.SafeInvoke: LengthPrefixCommunicationChannel: MessageReceived: Invoking callback 1/1 for Microsoft.VisualStudio.TestPlatform.CommunicationUtilities.TestRequestSender+<>c__DisplayClass34_0., took 37 ms.
TpTrace Information: 0 : 20048, 11, 2024/06/06, 17:15:04.117, 21641276362875, vstest.console.dll, SocketServer.PrivateStop: Stopping server endPoint: 127.0.0.1:50718 error: 
TpTrace Verbose: 0 : 20048, 1, 2024/06/06, 17:15:04.117, 21641276362500, vstest.console.dll, TestRunRequest.Dispose: Starting.
TpTrace Information: 0 : 20048, 1, 2024/06/06, 17:15:04.117, 21641276422500, vstest.console.dll, TestRunRequest.Dispose: Completed.
TpTrace Information: 0 : 20048, 1, 2024/06/06, 17:15:04.117, 21641276443208, vstest.console.dll, TestRequestManager.RunTests: run tests completed.
TpTrace Information: 0 : 20048, 1, 2024/06/06, 17:15:04.117, 21641276481916, vstest.console.dll, RunTestsArgumentProcessor:Execute: Test run is completed.
TpTrace Verbose: 0 : 20048, 11, 2024/06/06, 17:15:04.117, 21641276496375, vstest.console.dll, LengthPrefixCommunicationChannel.Dispose: Dispose reader and writer.
TpTrace Information: 0 : 20048, 11, 2024/06/06, 17:15:04.117, 21641276528125, vstest.console.dll, SocketServer.Stop: Raise disconnected event endPoint: 127.0.0.1:50718 error: 
TpTrace Verbose: 0 : 20048, 11, 2024/06/06, 17:15:04.117, 21641276565500, vstest.console.dll, TestRequestSender: OnTestRunAbort: Operation is already complete. Skip error message.
TpTrace Verbose: 0 : 20048, 11, 2024/06/06, 17:15:04.117, 21641276575500, vstest.console.dll, MulticastDelegateUtilities.SafeInvoke: SocketServer: ClientDisconnected: Invoking callback 1/1 for Microsoft.VisualStudio.TestPlatform.CommunicationUtilities.TestRequestSender., took 0 ms.
TpTrace Verbose: 0 : 20048, 11, 2024/06/06, 17:15:04.117, 21641276583291, vstest.console.dll, TcpClientExtensions.MessageLoopAsync: exiting MessageLoopAsync remoteEndPoint: 127.0.0.1:50719 localEndPoint: 127.0.0.1:50718
TpTrace Verbose: 0 : 20048, 1, 2024/06/06, 17:15:04.117, 21641276645875, vstest.console.dll, Executor.Execute: Exiting with exit code of 1
